<?xml version="1.0" encoding="UTF-8"?>
<testsuite name="com.kkalletla.eurekaserver.EurekaServerApplicationTests" tests="1" skipped="0" failures="0" errors="0" timestamp="2017-11-17T02:07:14" hostname="KKALLETLA-PC" time="0.08">
  <properties/>
  <testcase name="contextLoads" classname="com.kkalletla.eurekaserver.EurekaServerApplicationTests" time="0.08"/>
  <system-out><![CDATA[20:06:56.185 [Test worker] DEBUG org.springframework.test.context.junit4.SpringJUnit4ClassRunner - SpringJUnit4ClassRunner constructor called with [class com.kkalletla.eurekaserver.EurekaServerApplicationTests]
20:06:56.209 [Test worker] DEBUG org.springframework.test.context.BootstrapUtils - Instantiating CacheAwareContextLoaderDelegate from class [org.springframework.test.context.cache.DefaultCacheAwareContextLoaderDelegate]
20:06:56.310 [Test worker] DEBUG org.springframework.test.context.BootstrapUtils - Instantiating BootstrapContext using constructor [public org.springframework.test.context.support.DefaultBootstrapContext(java.lang.Class,org.springframework.test.context.CacheAwareContextLoaderDelegate)]
20:06:56.356 [Test worker] DEBUG org.springframework.test.context.BootstrapUtils - Instantiating TestContextBootstrapper for test class [com.kkalletla.eurekaserver.EurekaServerApplicationTests] from class [org.springframework.boot.test.context.SpringBootTestContextBootstrapper]
20:06:56.408 [Test worker] INFO org.springframework.boot.test.context.SpringBootTestContextBootstrapper - Neither @ContextConfiguration nor @ContextHierarchy found for test class [com.kkalletla.eurekaserver.EurekaServerApplicationTests], using SpringBootContextLoader
20:06:56.417 [Test worker] DEBUG org.springframework.test.context.support.AbstractContextLoader - Did not detect default resource location for test class [com.kkalletla.eurekaserver.EurekaServerApplicationTests]: class path resource [com/kkalletla/eurekaserver/EurekaServerApplicationTests-context.xml] does not exist
20:06:56.418 [Test worker] DEBUG org.springframework.test.context.support.AbstractContextLoader - Did not detect default resource location for test class [com.kkalletla.eurekaserver.EurekaServerApplicationTests]: class path resource [com/kkalletla/eurekaserver/EurekaServerApplicationTestsContext.groovy] does not exist
20:06:56.420 [Test worker] INFO org.springframework.test.context.support.AbstractContextLoader - Could not detect default resource locations for test class [com.kkalletla.eurekaserver.EurekaServerApplicationTests]: no resource found for suffixes {-context.xml, Context.groovy}.
20:06:56.423 [Test worker] INFO org.springframework.test.context.support.AnnotationConfigContextLoaderUtils - Could not detect default configuration classes for test class [com.kkalletla.eurekaserver.EurekaServerApplicationTests]: EurekaServerApplicationTests does not declare any static, non-private, non-final, nested classes annotated with @Configuration.
20:06:56.591 [Test worker] DEBUG org.springframework.test.context.support.ActiveProfilesUtils - Could not find an 'annotation declaring class' for annotation type [org.springframework.test.context.ActiveProfiles] and class [com.kkalletla.eurekaserver.EurekaServerApplicationTests]
20:06:56.614 [Test worker] DEBUG org.springframework.core.env.StandardEnvironment - Adding PropertySource 'systemProperties' with lowest search precedence
20:06:56.616 [Test worker] DEBUG org.springframework.core.env.StandardEnvironment - Adding PropertySource 'systemEnvironment' with lowest search precedence
20:06:56.618 [Test worker] DEBUG org.springframework.core.env.StandardEnvironment - Initialized StandardEnvironment with PropertySources [MapPropertySource@1821769720 {name='systemProperties', properties={java.runtime.name=Java(TM) SE Runtime Environment, sun.boot.library.path=C:\Program Files\Java\jdk1.8.0_144\jre\bin, java.vm.version=25.144-b01, java.vm.vendor=Oracle Corporation, java.vendor.url=http://java.oracle.com/, path.separator=;, java.vm.name=Java HotSpot(TM) 64-Bit Server VM, file.encoding.pkg=sun.io, user.script=, sun.java.launcher=SUN_STANDARD, user.country=US, sun.os.patch.level=, java.vm.specification.name=Java Virtual Machine Specification, user.dir=E:\Material\JavaTrainning\eureka-server, java.runtime.version=1.8.0_144-b01, java.awt.graphicsenv=sun.awt.Win32GraphicsEnvironment, java.endorsed.dirs=C:\Program Files\Java\jdk1.8.0_144\jre\lib\endorsed, os.arch=amd64, java.io.tmpdir=C:\Users\krant\AppData\Local\Temp\, line.separator=
, java.vm.specification.vendor=Oracle Corporation, user.variant=, os.name=Windows 10, sun.jnu.encoding=Cp1252, java.library.path=C:\Program Files\Java\jdk1.8.0_144\bin;C:\WINDOWS\Sun\Java\bin;C:\WINDOWS\system32;C:\WINDOWS;C:\Program Files\Docker\Docker\Resources\bin;D:\app\krant\product\11.2.0\client_1;D:\app\krant\product\11.2.0\dbhome_1\bin;C:\ProgramData\Oracle\Java\javapath;C:\WINDOWS\system32;C:\WINDOWS;C:\WINDOWS\System32\Wbem;C:\WINDOWS\System32\WindowsPowerShell\v1.0\;C:\Program Files\Java\jdk1.8.0_144\bin;C:\Program Files\MySQL\MySQL Utilities 1.6\;C:\Program Files\PuTTY\;C:\Program Files\Git\cmd;C:\Users\krant\Desktop\openssl-0.9.8s-x64_86-win64;E:\Software\apache-maven-3.5.0-bin\bin;C:\Program Files\Cloud Foundry;C:\Program Files\nodejs\;C:\Program Files\Amazon\AWSCLI\;E:\Software\FCIV;C:\Gradle\gradle-4.3\bin;C:\Program Files (x86)\sbt\bin;C:\Program Files (x86)\NVIDIA Corporation\PhysX\Common;"E:\Software\zookeeper-3.4.11\bin;";C:\Users\krant\scoop\shims;C:\Users\krant\AppData\Local\Programs\Python\Python36-32\Scripts\;C:\Users\krant\AppData\Local\Programs\Python\Python36-32\;C:\Users\krant\AppData\Local\Microsoft\WindowsApps;C:\Users\krant\AppData\Local\GitHubDesktop\bin;C:\Users\krant\AppData\Roaming\npm;C:\Program Files (x86)\Nmap;E:\Software;;%USERPROFILE%\AppData\Local\Microsoft\WindowsApps;., java.specification.name=Java Platform API Specification, java.class.version=52.0, sun.management.compiler=HotSpot 64-Bit Tiered Compilers, os.version=10.0, user.home=C:\Users\krant, user.timezone=America/Chicago, java.awt.printerjob=sun.awt.windows.WPrinterJob, file.encoding=windows-1252, java.specification.version=1.8, java.class.path=E:\Material\JavaTrainning\eureka-server\build\classes\test;E:\Material\JavaTrainning\eureka-server\build\resources\test;E:\Material\JavaTrainning\eureka-server\build\classes\main;E:\Material\JavaTrainning\eureka-server\build\resources\main;C:\Users\krant\.gradle\caches\modules-2\files-2.1\org.springframework.cloud\spring-cloud-starter-eureka\1.3.5.RELEASE\b316903152a7bf2b9e32117026c59a2c786d877c\spring-cloud-starter-eureka-1.3.5.RELEASE.jar;C:\Users\krant\.gradle\caches\modules-2\files-2.1\org.springframework.cloud\spring-cloud-starter-eureka-server\1.3.5.RELEASE\3d33b15f4a750812a26f38518bcd59b9dac36608\spring-cloud-starter-eureka-server-1.3.5.RELEASE.jar;C:\Users\krant\.gradle\caches\modules-2\files-2.1\org.springframework.boot\spring-boot-starter-test\1.5.8.RELEASE\20b767f594924b32950286f1236ab7d68ff861f9\spring-boot-starter-test-1.5.8.RELEASE.jar;C:\Users\krant\.gradle\caches\modules-2\files-2.1\org.springframework.boot\spring-boot-starter-web\1.5.8.RELEASE\7e0dc79e3b47be4539ad3c033639133ae6b7a17e\spring-boot-starter-web-1.5.8.RELEASE.jar;C:\Users\krant\.gradle\caches\modules-2\files-2.1\org.springframework.cloud\spring-cloud-starter\1.2.4.RELEASE\8dedf04851bf6bc85bf3b09813ccf7775568b22b\spring-cloud-starter-1.2.4.RELEASE.jar;C:\Users\krant\.gradle\caches\modules-2\files-2.1\org.springframework.cloud\spring-cloud-netflix-core\1.3.5.RELEASE\2f573a8b99146dd733b34480b5e11b3c34944e70\spring-cloud-netflix-core-1.3.5.RELEASE.jar;C:\Users\krant\.gradle\caches\modules-2\files-2.1\org.springframework.cloud\spring-cloud-netflix-eureka-client\1.3.5.RELEASE\2494e6bd9c7a23c1d1df85c36eb980e483a7bef7\spring-cloud-netflix-eureka-client-1.3.5.RELEASE.jar;C:\Users\krant\.gradle\caches\modules-2\files-2.1\com.netflix.eureka\eureka-client\1.6.2\632cc9b08ccda671780f095ec70a739508c90375\eureka-client-1.6.2.jar;C:\Users\krant\.gradle\caches\modules-2\files-2.1\com.netflix.eureka\eureka-core\1.6.2\8a8a7dbd1bc4f119f50f11d59b95383b5db6a587\eureka-core-1.6.2.jar;C:\Users\krant\.gradle\caches\modules-2\files-2.1\org.springframework.cloud\spring-cloud-starter-archaius\1.3.5.RELEASE\944357583c3c38b5b316c18919e844fe2ff66a17\spring-cloud-starter-archaius-1.3.5.RELEASE.jar;C:\Users\krant\.gradle\caches\modules-2\files-2.1\org.springframework.cloud\spring-cloud-starter-ribbon\1.3.5.RELEASE\42b1fbe8f07b3f7c464b0b7a667e3177e22f4da4\spring-cloud-starter-ribbon-1.3.5.RELEASE.jar;C:\Users\krant\.gradle\caches\modules-2\files-2.1\com.netflix.ribbon\ribbon-eureka\2.2.2\3698abea929c7e869587b1c3557148a2958f24c3\ribbon-eureka-2.2.2.jar;C:\Users\krant\.gradle\caches\modules-2\files-2.1\com.thoughtworks.xstream\xstream\1.4.9\c43f6e6bfa79b56e04a8898a923c3cf7144dd460\xstream-1.4.9.jar;C:\Users\krant\.gradle\caches\modules-2\files-2.1\org.springframework.cloud\spring-cloud-netflix-eureka-server\1.3.5.RELEASE\229db582d067ce9ae585a5aa1f725189c60b36a5\spring-cloud-netflix-eureka-server-1.3.5.RELEASE.jar;C:\Users\krant\.gradle\caches\modules-2\files-2.1\org.springframework.boot\spring-boot-test\1.5.8.RELEASE\17dedee86d1a9e9bd409d715fd90650ca1049659\spring-boot-test-1.5.8.RELEASE.jar;C:\Users\krant\.gradle\caches\modules-2\files-2.1\org.springframework.boot\spring-boot-test-autoconfigure\1.5.8.RELEASE\a8f986cc4b6ecef1417fe50c20984f12f54d15cc\spring-boot-test-autoconfigure-1.5.8.RELEASE.jar;C:\Users\krant\.gradle\caches\modules-2\files-2.1\com.jayway.jsonpath\json-path\2.2.0\22290d17944bd239fabf5ac69005a60a7ecbbbcb\json-path-2.2.0.jar;C:\Users\krant\.gradle\caches\modules-2\files-2.1\junit\junit\4.12\2973d150c0dc1fefe998f834810d68f278ea58ec\junit-4.12.jar;C:\Users\krant\.gradle\caches\modules-2\files-2.1\org.assertj\assertj-core\2.6.0\b532c3fc4f66bcfee4989a3514f1cd56203a33ad\assertj-core-2.6.0.jar;C:\Users\krant\.gradle\caches\modules-2\files-2.1\org.mockito\mockito-core\1.10.19\e8546f5bef4e061d8dd73895b4e8f40e3fe6effe\mockito-core-1.10.19.jar;C:\Users\krant\.gradle\caches\modules-2\files-2.1\org.hamcrest\hamcrest-core\1.3\42a25dc3219429f0e5d060061f71acb49bf010a0\hamcrest-core-1.3.jar;C:\Users\krant\.gradle\caches\modules-2\files-2.1\org.hamcrest\hamcrest-library\1.3\4785a3c21320980282f9f33d0d1264a69040538f\hamcrest-library-1.3.jar;C:\Users\krant\.gradle\caches\modules-2\files-2.1\org.skyscreamer\jsonassert\1.4.0\9cdbb373a06f6513e51e8c545ee6a5e981463edb\jsonassert-1.4.0.jar;C:\Users\krant\.gradle\caches\modules-2\files-2.1\org.springframework\spring-core\4.3.12.RELEASE\4cebc69478c6d350dbd5af28e3db7d5694f416e3\spring-core-4.3.12.RELEASE.jar;C:\Users\krant\.gradle\caches\modules-2\files-2.1\org.springframework\spring-test\4.3.12.RELEASE\825a7ac1014528db722a6cc94cceaef2410cb314\spring-test-4.3.12.RELEASE.jar;C:\Users\krant\.gradle\caches\modules-2\files-2.1\org.springframework.boot\spring-boot-starter\1.5.8.RELEASE\18048efe1f06569022a53cc3fb2fe9c0162935a3\spring-boot-starter-1.5.8.RELEASE.jar;C:\Users\krant\.gradle\caches\modules-2\files-2.1\org.springframework.boot\spring-boot-starter-tomcat\1.5.8.RELEASE\cf3b7eb7e192a60ab1dd09e4f8bce82710a5feb0\spring-boot-starter-tomcat-1.5.8.RELEASE.jar;C:\Users\krant\.gradle\caches\modules-2\files-2.1\org.hibernate\hibernate-validator\5.3.5.Final\622a9bcef2eed6d41b5b8e0662c36212009e375\hibernate-validator-5.3.5.Final.jar;C:\Users\krant\.gradle\caches\modules-2\files-2.1\com.fasterxml.jackson.core\jackson-databind\2.8.10\f7b83cb2bc4b88d53961e749e1ad32f49ef017b7\jackson-databind-2.8.10.jar;C:\Users\krant\.gradle\caches\modules-2\files-2.1\org.springframework\spring-web\4.3.12.RELEASE\86c29588cca74d0fc848b194cb13fcdfd12bc990\spring-web-4.3.12.RELEASE.jar;C:\Users\krant\.gradle\caches\modules-2\files-2.1\org.springframework\spring-webmvc\4.3.12.RELEASE\986e5dcd4435e780f6be64f8185eaa51523cf851\spring-webmvc-4.3.12.RELEASE.jar;C:\Users\krant\.gradle\caches\modules-2\files-2.1\org.springframework.cloud\spring-cloud-context\1.2.4.RELEASE\60d7e955ed26f1d37c48fbbd42884f348f34e593\spring-cloud-context-1.2.4.RELEASE.jar;C:\Users\krant\.gradle\caches\modules-2\files-2.1\org.springframework.cloud\spring-cloud-commons\1.2.4.RELEASE\d3b5ca7d53415c7a28d539c211577e9983e6d6cb\spring-cloud-commons-1.2.4.RELEASE.jar;C:\Users\krant\.gradle\caches\modules-2\files-2.1\org.springframework.security\spring-security-rsa\1.0.3.RELEASE\b0b1ee770597b5de1b51e9a889dfd2dc35d251b0\spring-security-rsa-1.0.3.RELEASE.jar;C:\Users\krant\.gradle\caches\modules-2\files-2.1\org.springframework.boot\spring-boot\1.5.8.RELEASE\748ebde51761e12627ad23d064024f342b18f9b4\spring-boot-1.5.8.RELEASE.jar;C:\Users\krant\.gradle\caches\modules-2\files-2.1\org.springframework.boot\spring-boot-autoconfigure\1.5.8.RELEASE\e4f2efa4c319f4e3613d94fbccfdb5ccda6873e3\spring-boot-autoconfigure-1.5.8.RELEASE.jar;C:\Users\krant\.gradle\caches\modules-2\files-2.1\org.codehaus.jettison\jettison\1.3.7\7d36a59a0577f11b12088b9e215d6860345b9e1d\jettison-1.3.7.jar;C:\Users\krant\.gradle\caches\modules-2\files-2.1\com.netflix.netflix-commons\netflix-eventbus\0.3.0\3f864adbe81f0849729fcbba3fe693c32be739ea\netflix-eventbus-0.3.0.jar;C:\Users\krant\.gradle\caches\modules-2\files-2.1\com.netflix.archaius\archaius-core\0.7.4\d6b5e5c541452248fd8565ccd0732623c81a30b5\archaius-core-0.7.4.jar;C:\Users\krant\.gradle\caches\modules-2\files-2.1\javax.ws.rs\jsr311-api\1.1.1\59033da2a1afd56af1ac576750a8d0b1830d59e6\jsr311-api-1.1.1.jar;C:\Users\krant\.gradle\caches\modules-2\files-2.1\com.netflix.servo\servo-core\0.10.1\7461ed61647f9996c88ad822546ffc7851a45e0e\servo-core-0.10.1.jar;C:\Users\krant\.gradle\caches\modules-2\files-2.1\com.sun.jersey\jersey-core\1.19.1\4282d106f2acd5051bd9bc2935ed9a2920c9385\jersey-core-1.19.1.jar;C:\Users\krant\.gradle\caches\modules-2\files-2.1\com.sun.jersey\jersey-client\1.19.1\2df97ebd4e5c01599584c45caa3aeb563d268eef\jersey-client-1.19.1.jar;C:\Users\krant\.gradle\caches\modules-2\files-2.1\com.sun.jersey.contribs\jersey-apache-client4\1.19.1\e1c45701a003097ace96bed4bc8fb937e9867498\jersey-apache-client4-1.19.1.jar;C:\Users\krant\.gradle\caches\modules-2\files-2.1\org.apache.httpcomponents\httpclient\4.5.3\d1577ae15f01ef5438c5afc62162457c00a34713\httpclient-4.5.3.jar;C:\Users\krant\.gradle\caches\modules-2\files-2.1\com.google.inject\guice\4.1.0\eeb69005da379a10071aa4948c48d89250febb07\guice-4.1.0.jar;C:\Users\krant\.gradle\caches\modules-2\files-2.1\com.fasterxml.jackson.core\jackson-annotations\2.8.0\45b426f7796b741035581a176744d91090e2e6fb\jackson-annotations-2.8.0.jar;C:\Users\krant\.gradle\caches\modules-2\files-2.1\com.fasterxml.jackson.core\jackson-core\2.8.10\eb21a035c66ad307e66ec8fce37f5d50fd62d039\jackson-core-2.8.10.jar;C:\Users\krant\.gradle\caches\modules-2\files-2.1\org.codehaus.woodstox\woodstox-core-asl\4.4.1\84fee5eb1a4a1cefe65b6883c73b3fa83be3c1a1\woodstox-core-asl-4.4.1.jar;C:\Users\krant\.gradle\caches\modules-2\files-2.1\commons-configuration\commons-configuration\1.8\6cce40435bcd8018018f16898de01976b319941a\commons-configuration-1.8.jar;C:\Users\krant\.gradle\caches\modules-2\files-2.1\com.google.guava\guava\18.0\cce0823396aa693798f8882e64213b1772032b09\guava-18.0.jar;C:\Users\krant\.gradle\caches\modules-2\files-2.1\com.netflix.ribbon\ribbon\2.2.2\8375769b9a922dc5339eba8536fcd3b204604ec4\ribbon-2.2.2.jar;C:\Users\krant\.gradle\caches\modules-2\files-2.1\com.netflix.ribbon\ribbon-core\2.2.2\e4e35763c347c6a3936735d687f1bd25c188634\ribbon-core-2.2.2.jar;C:\Users\krant\.gradle\caches\modules-2\files-2.1\com.netflix.ribbon\ribbon-httpclient\2.2.2\88c3f39aa09591964923d60f92c13d3a91125d81\ribbon-httpclient-2.2.2.jar;C:\Users\krant\.gradle\caches\modules-2\files-2.1\com.netflix.ribbon\ribbon-loadbalancer\2.2.2\dad3e307fb759c3be36d93a1a7a2a031569d8de8\ribbon-loadbalancer-2.2.2.jar;C:\Users\krant\.gradle\caches\modules-2\files-2.1\io.reactivex\rxjava\1.1.10\2ac360e8a47601a8dfd044e646f05b99d151f2e0\rxjava-1.1.10.jar;C:\Users\krant\.gradle\caches\modules-2\files-2.1\org.slf4j\slf4j-api\1.7.25\da76ca59f6a57ee3102f8f9bd9cee742973efa8a\slf4j-api-1.7.25.jar;C:\Users\krant\.gradle\caches\modules-2\files-2.1\xmlpull\xmlpull\1.1.3.1\2b8e230d2ab644e4ecaa94db7cdedbc40c805dfa\xmlpull-1.1.3.1.jar;C:\Users\krant\.gradle\caches\modules-2\files-2.1\xpp3\xpp3_min\1.1.4c\19d4e90b43059058f6e056f794f0ea4030d60b86\xpp3_min-1.1.4c.jar;C:\Users\krant\.gradle\caches\modules-2\files-2.1\org.springframework.boot\spring-boot-starter-actuator\1.5.8.RELEASE\927c40a1af518dc240dfdf7aaf0a9673c3a127c5\spring-boot-starter-actuator-1.5.8.RELEASE.jar;C:\Users\krant\.gradle\caches\modules-2\files-2.1\org.springframework.boot\spring-boot-starter-freemarker\1.5.8.RELEASE\5d79e3fcb6e5de432afd99ab6bdf93ff4b05c5de\spring-boot-starter-freemarker-1.5.8.RELEASE.jar;C:\Users\krant\.gradle\caches\modules-2\files-2.1\com.sun.jersey\jersey-servlet\1.19.1\d4e259cf85242c9905b6e5894f2cac803232f565\jersey-servlet-1.19.1.jar;C:\Users\krant\.gradle\caches\modules-2\files-2.1\com.sun.jersey\jersey-server\1.19.1\1906bc869c8a4144d8e035c45a934929eb70ebb0\jersey-server-1.19.1.jar;C:\Users\krant\.gradle\caches\modules-2\files-2.1\javax.inject\javax.inject\1\6975da39a7040257bd51d21a231b76c915872d38\javax.inject-1.jar;C:\Users\krant\.gradle\caches\modules-2\files-2.1\com.fasterxml.jackson.dataformat\jackson-dataformat-xml\2.8.10\5cf5b7cc981df1d75b228e5331cb95709fef045f\jackson-dataformat-xml-2.8.10.jar;C:\Users\krant\.gradle\caches\modules-2\files-2.1\net.minidev\json-smart\2.2.1\5b9e5df7a62d1279b70dc882b041d249c4f0b002\json-smart-2.2.1.jar;C:\Users\krant\.gradle\caches\modules-2\files-2.1\org.objenesis\objenesis\2.1\87c0ea803b69252868d09308b4618f766f135a96\objenesis-2.1.jar;C:\Users\krant\.gradle\caches\modules-2\files-2.1\com.vaadin.external.google\android-json\0.0.20131108.vaadin1\fa26d351fe62a6a17f5cda1287c1c6110dec413f\android-json-0.0.20131108.vaadin1.jar;C:\Users\krant\.gradle\caches\modules-2\files-2.1\org.springframework.boot\spring-boot-starter-logging\1.5.8.RELEASE\ebc00a0e46753d90431fdcc5e3d6b9fd3bf1564a\spring-boot-starter-logging-1.5.8.RELEASE.jar;C:\Users\krant\.gradle\caches\modules-2\files-2.1\org.yaml\snakeyaml\1.17\7a27ea250c5130b2922b86dea63cbb1cc10a660c\snakeyaml-1.17.jar;C:\Users\krant\.gradle\caches\modules-2\files-2.1\org.apache.tomcat.embed\tomcat-embed-core\8.5.23\79261793a47f507890ee08f749b9d81774e4f7f0\tomcat-embed-core-8.5.23.jar;C:\Users\krant\.gradle\caches\modules-2\files-2.1\org.apache.tomcat.embed\tomcat-embed-el\8.5.23\98d979cde444dffa6d434c8377d0123b2dfa614c\tomcat-embed-el-8.5.23.jar;C:\Users\krant\.gradle\caches\modules-2\files-2.1\org.apache.tomcat.embed\tomcat-embed-websocket\8.5.23\52f07abcae10dc7e1764304b0877def175c2c833\tomcat-embed-websocket-8.5.23.jar;C:\Users\krant\.gradle\caches\modules-2\files-2.1\javax.validation\validation-api\1.1.0.Final\8613ae82954779d518631e05daa73a6a954817d5\validation-api-1.1.0.Final.jar;C:\Users\krant\.gradle\caches\modules-2\files-2.1\org.jboss.logging\jboss-logging\3.3.1.Final\c46217ab74b532568c0ed31dc599db3048bd1b67\jboss-logging-3.3.1.Final.jar;C:\Users\krant\.gradle\caches\modules-2\files-2.1\com.fasterxml\classmate\1.3.4\3d5f48f10bbe4eb7bd862f10c0583be2e0053c6\classmate-1.3.4.jar;C:\Users\krant\.gradle\caches\modules-2\files-2.1\org.springframework\spring-aop\4.3.12.RELEASE\b3fef085902993c2ef874c45c7bfd79296d5a5a4\spring-aop-4.3.12.RELEASE.jar;C:\Users\krant\.gradle\caches\modules-2\files-2.1\org.springframework\spring-beans\4.3.12.RELEASE\547dd432d47d0f01d9ccbedc4b705f9f7c1240a\spring-beans-4.3.12.RELEASE.jar;C:\Users\krant\.gradle\caches\modules-2\files-2.1\org.springframework\spring-context\4.3.12.RELEASE\5e6d26f36636f36b7efec1d6a0c5991284fbd95b\spring-context-4.3.12.RELEASE.jar;C:\Users\krant\.gradle\caches\modules-2\files-2.1\org.springframework\spring-expression\4.3.12.RELEASE\790f69f6ad7f9da8d4a92c603ad7244c398c8309\spring-expression-4.3.12.RELEASE.jar;C:\Users\krant\.gradle\caches\modules-2\files-2.1\org.springframework.security\spring-security-crypto\4.2.3.RELEASE\a5c850acc91bff1970fe751d7407df81c4bce3cc\spring-security-crypto-4.2.3.RELEASE.jar;C:\Users\krant\.gradle\caches\modules-2\files-2.1\org.bouncycastle\bcpkix-jdk15on\1.55\6392d8cba22b722c6570d660ca0b3921ff1bae4f\bcpkix-jdk15on-1.55.jar;C:\Users\krant\.gradle\caches\modules-2\files-2.1\stax\stax-api\1.0.1\49c100caf72d658aca8e58bd74a4ba90fa2b0d70\stax-api-1.0.1.jar;C:\Users\krant\.gradle\caches\modules-2\files-2.1\com.netflix.netflix-commons\netflix-infix\0.3.0\acc65969f7367ddd2f1265e0cd7330509ed530dc\netflix-infix-0.3.0.jar;C:\Users\krant\.gradle\caches\modules-2\files-2.1\org.apache.commons\commons-math\2.2\4877b85d388275f994a5cfc7eceb73a8045d3006\commons-math-2.2.jar;C:\Users\krant\.gradle\caches\modules-2\files-2.1\com.netflix.servo\servo-internal\0.10.1\bb6f9cd7b309189bad01b93a806ba9d6cb5d915a\servo-internal-0.10.1.jar;C:\Users\krant\.gradle\caches\modules-2\files-2.1\org.apache.httpcomponents\httpcore\4.4.8\70539e2a07865bab38b4153da1ce599cf081790a\httpcore-4.4.8.jar;C:\Users\krant\.gradle\caches\modules-2\files-2.1\commons-codec\commons-codec\1.10\4b95f4897fa13f2cd904aee711aeafc0c5295cd8\commons-codec-1.10.jar;C:\Users\krant\.gradle\caches\modules-2\files-2.1\aopalliance\aopalliance\1.0\235ba8b489512805ac13a8f9ea77a1ca5ebe3e8\aopalliance-1.0.jar;C:\Users\krant\.gradle\caches\modules-2\files-2.1\javax.xml.stream\stax-api\1.0-2\d6337b0de8b25e53e81b922352fbea9f9f57ba0b\stax-api-1.0-2.jar;C:\Users\krant\.gradle\caches\modules-2\files-2.1\org.codehaus.woodstox\stax2-api\3.1.4\ac19014b1e6a7c08aad07fe114af792676b685b7\stax2-api-3.1.4.jar;C:\Users\krant\.gradle\caches\modules-2\files-2.1\commons-lang\commons-lang\2.6\ce1edb914c94ebc388f086c6827e8bdeec71ac2\commons-lang-2.6.jar;C:\Users\krant\.gradle\caches\modules-2\files-2.1\com.netflix.ribbon\ribbon-transport\2.2.2\de836ea86da897f3ecf5ac9d2cc790ea2293f017\ribbon-transport-2.2.2.jar;C:\Users\krant\.gradle\caches\modules-2\files-2.1\com.netflix.hystrix\hystrix-core\1.5.12\75379b6671fcaa9cec33035df684a68ec7741ca6\hystrix-core-1.5.12.jar;C:\Users\krant\.gradle\caches\modules-2\files-2.1\io.reactivex\rxnetty\0.4.9\5aff3c9d6bb9d9066c378bb3d2a4413ed1773bcf\rxnetty-0.4.9.jar;C:\Users\krant\.gradle\caches\modules-2\files-2.1\commons-collections\commons-collections\3.2.2\8ad72fe39fa8c91eaaf12aadb21e0c3661fe26d5\commons-collections-3.2.2.jar;C:\Users\krant\.gradle\caches\modules-2\files-2.1\com.netflix.netflix-commons\netflix-commons-util\0.1.1\39e67061780476f207b31465baaed84a91ff659f\netflix-commons-util-0.1.1.jar;C:\Users\krant\.gradle\caches\modules-2\files-2.1\com.netflix.netflix-commons\netflix-statistics\0.1.1\12f6e48253f9cafa0e24d7d232ff504c52143212\netflix-statistics-0.1.1.jar;C:\Users\krant\.gradle\caches\modules-2\files-2.1\org.springframework.boot\spring-boot-actuator\1.5.8.RELEASE\aac530fe877ed91c92831019755c49f29b08e6\spring-boot-actuator-1.5.8.RELEASE.jar;C:\Users\krant\.gradle\caches\modules-2\files-2.1\org.freemarker\freemarker\2.3.26-incubating\713237e013f725b72f4f9ec931a49c14b1805359\freemarker-2.3.26-incubating.jar;C:\Users\krant\.gradle\caches\modules-2\files-2.1\org.springframework\spring-context-support\4.3.12.RELEASE\6f3a71b93b69f38ac545b6043fab7e474addee15\spring-context-support-4.3.12.RELEASE.jar;C:\Users\krant\.gradle\caches\modules-2\files-2.1\com.amazonaws\aws-java-sdk-core\1.11.125\aaf774e3592ae3aec960a1568ef1f28467e0a994\aws-java-sdk-core-1.11.125.jar;C:\Users\krant\.gradle\caches\modules-2\files-2.1\com.amazonaws\aws-java-sdk-ec2\1.11.125\b45d7ae072e9d845bb1e9f09ee185769e1c332ca\aws-java-sdk-ec2-1.11.125.jar;C:\Users\krant\.gradle\caches\modules-2\files-2.1\com.amazonaws\aws-java-sdk-autoscaling\1.11.125\ed5950d2906ac8bf7c18b0e176d80ba2b431e160\aws-java-sdk-autoscaling-1.11.125.jar;C:\Users\krant\.gradle\caches\modules-2\files-2.1\com.amazonaws\aws-java-sdk-sts\1.11.125\8024011e217b04e6d918c4bccaa3e694adeb8de2\aws-java-sdk-sts-1.11.125.jar;C:\Users\krant\.gradle\caches\modules-2\files-2.1\com.amazonaws\aws-java-sdk-route53\1.11.125\b95525b048dce8c57cd2fdeb709caa0314395942\aws-java-sdk-route53-1.11.125.jar;C:\Users\krant\.gradle\caches\modules-2\files-2.1\com.fasterxml.jackson.module\jackson-module-jaxb-annotations\2.8.10\22df8efd0cff7661bf136148c73e2651748f7600\jackson-module-jaxb-annotations-2.8.10.jar;C:\Users\krant\.gradle\caches\modules-2\files-2.1\com.fasterxml.woodstox\woodstox-core\5.0.3\10aa199207fda142eff01cd61c69244877d71770\woodstox-core-5.0.3.jar;C:\Users\krant\.gradle\caches\modules-2\files-2.1\net.minidev\accessors-smart\1.1\a527213f2fea112a04c9bdf0ec0264e34104cd08\accessors-smart-1.1.jar;C:\Users\krant\.gradle\caches\modules-2\files-2.1\ch.qos.logback\logback-classic\1.1.11\ccedfbacef4a6515d2983e3f89ed753d5d4fb665\logback-classic-1.1.11.jar;C:\Users\krant\.gradle\caches\modules-2\files-2.1\org.slf4j\jcl-over-slf4j\1.7.25\f8c32b13ff142a513eeb5b6330b1588dcb2c0461\jcl-over-slf4j-1.7.25.jar;C:\Users\krant\.gradle\caches\modules-2\files-2.1\org.slf4j\jul-to-slf4j\1.7.25\af5364cd6679bfffb114f0dec8a157aaa283b76\jul-to-slf4j-1.7.25.jar;C:\Users\krant\.gradle\caches\modules-2\files-2.1\org.slf4j\log4j-over-slf4j\1.7.25\a87bb47468f47ee7aabbd54f93e133d4215769c3\log4j-over-slf4j-1.7.25.jar;C:\Users\krant\.gradle\caches\modules-2\files-2.1\org.apache.tomcat\tomcat-annotations-api\8.5.23\aaf17df9fe0240e9e9d5375d24d5f177174b73d9\tomcat-annotations-api-8.5.23.jar;C:\Users\krant\.gradle\caches\modules-2\files-2.1\org.bouncycastle\bcprov-jdk15on\1.55\935f2e57a00ec2c489cbd2ad830d4a399708f979\bcprov-jdk15on-1.55.jar;C:\Users\krant\.gradle\caches\modules-2\files-2.1\commons-jxpath\commons-jxpath\1.3\c22d7d0f0f40eb7059a23cfa61773a416768b137\commons-jxpath-1.3.jar;C:\Users\krant\.gradle\caches\modules-2\files-2.1\joda-time\joda-time\2.9.9\f7b520c458572890807d143670c9b24f4de90897\joda-time-2.9.9.jar;C:\Users\krant\.gradle\caches\modules-2\files-2.1\org.antlr\antlr-runtime\3.4\8f011408269a8e42b8548687e137d8eeb56df4b4\antlr-runtime-3.4.jar;C:\Users\krant\.gradle\caches\modules-2\files-2.1\com.google.code.gson\gson\2.8.2\3edcfe49d2c6053a70a2a47e4e1c2f94998a49cf\gson-2.8.2.jar;C:\Users\krant\.gradle\caches\modules-2\files-2.1\io.reactivex\rxnetty-contexts\0.4.9\6efe17a25602a5424c18ab975aa9c28b6d6b7f56\rxnetty-contexts-0.4.9.jar;C:\Users\krant\.gradle\caches\modules-2\files-2.1\io.reactivex\rxnetty-servo\0.4.9\b7d6d6e132686c280f16710eaa3e90719f6808f8\rxnetty-servo-0.4.9.jar;C:\Users\krant\.gradle\caches\modules-2\files-2.1\org.hdrhistogram\HdrHistogram\2.1.9\e4631ce165eb400edecfa32e03d3f1be53dee754\HdrHistogram-2.1.9.jar;C:\Users\krant\.gradle\caches\modules-2\files-2.1\io.netty\netty-codec-http\4.0.27.Final\59b04b31b58942615c0035c61db1167d118ee218\netty-codec-http-4.0.27.Final.jar;C:\Users\krant\.gradle\caches\modules-2\files-2.1\io.netty\netty-transport-native-epoll\4.0.27.Final\3da4eda5697a09c9f8e217bc6a0f265b5b5102c5\netty-transport-native-epoll-4.0.27.Final.jar;C:\Users\krant\.gradle\caches\modules-2\files-2.1\software.amazon.ion\ion-java\1.0.2\ee9dacea7726e495f8352b81c12c23834ffbc564\ion-java-1.0.2.jar;C:\Users\krant\.gradle\caches\modules-2\files-2.1\com.fasterxml.jackson.dataformat\jackson-dataformat-cbor\2.8.10\1c58cc9313ddf19f0900cd61ed044874278ce320\jackson-dataformat-cbor-2.8.10.jar;C:\Users\krant\.gradle\caches\modules-2\files-2.1\com.amazonaws\jmespath-java\1.11.125\d4b5dfa6c83715642be47e768b0d2299ce04607b\jmespath-java-1.11.125.jar;C:\Users\krant\.gradle\caches\modules-2\files-2.1\org.ow2.asm\asm\5.0.3\dcc2193db20e19e1feca8b1240dbbc4e190824fa\asm-5.0.3.jar;C:\Users\krant\.gradle\caches\modules-2\files-2.1\ch.qos.logback\logback-core\1.1.11\88b8df40340eed549fb07e2613879bf6b006704d\logback-core-1.1.11.jar;C:\Users\krant\.gradle\caches\modules-2\files-2.1\org.antlr\stringtemplate\3.2.1\59ec8083721eae215c6f3caee944c410d2be34de\stringtemplate-3.2.1.jar;C:\Users\krant\.gradle\caches\modules-2\files-2.1\antlr\antlr\2.7.7\83cd2cd674a217ade95a4bb83a8a14f351f48bd0\antlr-2.7.7.jar;C:\Users\krant\.gradle\caches\modules-2\files-2.1\io.netty\netty-codec\4.0.27.Final\8ed3790b480d4370d22ad1b74a79a54663619b3\netty-codec-4.0.27.Final.jar;C:\Users\krant\.gradle\caches\modules-2\files-2.1\io.netty\netty-handler\4.0.27.Final\91d5c8e25150759bdfce680f318e7b3e8a493b1f\netty-handler-4.0.27.Final.jar;C:\Users\krant\.gradle\caches\modules-2\files-2.1\io.netty\netty-common\4.0.27.Final\f9adee4559928c2e75d58b33e109c17342cb0991\netty-common-4.0.27.Final.jar;C:\Users\krant\.gradle\caches\modules-2\files-2.1\io.netty\netty-buffer\4.0.27.Final\91d5d38fd5cfa7b507e4f82297ba2bf7f30be805\netty-buffer-4.0.27.Final.jar;C:\Users\krant\.gradle\caches\modules-2\files-2.1\io.netty\netty-transport\4.0.27.Final\fc1e00d9d2815f74df6af1cf79da65d6b2d6b102\netty-transport-4.0.27.Final.jar, user.name=krant, java.vm.specification.version=1.8, sun.java.command=worker.org.gradle.process.internal.worker.GradleWorkerMain 'Gradle Test Executor 1', java.home=C:\Program Files\Java\jdk1.8.0_144\jre, sun.arch.data.model=64, user.language=en, java.specification.vendor=Oracle Corporation, awt.toolkit=sun.awt.windows.WToolkit, java.vm.info=mixed mode, java.version=1.8.0_144, java.ext.dirs=C:\Program Files\Java\jdk1.8.0_144\jre\lib\ext;C:\WINDOWS\Sun\Java\lib\ext, sun.boot.class.path=C:\Program Files\Java\jdk1.8.0_144\jre\lib\resources.jar;C:\Program Files\Java\jdk1.8.0_144\jre\lib\rt.jar;C:\Program Files\Java\jdk1.8.0_144\jre\lib\sunrsasign.jar;C:\Program Files\Java\jdk1.8.0_144\jre\lib\jsse.jar;C:\Program Files\Java\jdk1.8.0_144\jre\lib\jce.jar;C:\Program Files\Java\jdk1.8.0_144\jre\lib\charsets.jar;C:\Program Files\Java\jdk1.8.0_144\jre\lib\jfr.jar;C:\Program Files\Java\jdk1.8.0_144\jre\classes, java.vendor=Oracle Corporation, org.gradle.test.worker=1, file.separator=\, java.vendor.url.bug=http://bugreport.sun.com/bugreport/, sun.io.unicode.encoding=UnicodeLittle, sun.cpu.endian=little, sun.desktop=windows, sun.cpu.isalist=amd64}}, SystemEnvironmentPropertySource@1533690482 {name='systemEnvironment', properties={USERDOMAIN_ROAMINGPROFILE=KKALLETLA-PC, PROCESSOR_LEVEL=6, SESSIONNAME=Console, ALLUSERSPROFILE=C:\ProgramData, PROCESSOR_ARCHITECTURE=AMD64, PSModulePath=C:\Program Files\WindowsPowerShell\Modules;C:\WINDOWS\system32\WindowsPowerShell\v1.0\Modules;C:\Program Files\WindowsPowerShell\Modules;"C:\Program Files\WindowsPowerShell\Modules;";, SystemDrive=C:, =E:=E:\Material\JavaTrainning\eureka-server, DIRNAME=E:\Material\JavaTrainning\eureka-server\, USERNAME=krant, CMD_LINE_ARGS=build buildDocker, ProgramFiles(x86)=C:\Program Files (x86), APP_HOME=E:\Material\JavaTrainning\eureka-server\, PATHEXT=.COM;.EXE;.BAT;.CMD;.VBS;.VBE;.JS;.JSE;.WSF;.WSH;.MSC;.groovy;.gy, ProgramData=C:\ProgramData, ProgramW6432=C:\Program Files, HOMEPATH=\Users\krant, PROCESSOR_IDENTIFIER=Intel64 Family 6 Model 58 Stepping 9, GenuineIntel, ProgramFiles=C:\Program Files, PUBLIC=C:\Users\Public, windir=C:\WINDOWS, =::=::\, ZOOKEEPER_HOME=E:\Software\zookeeper-3.4.11, _SKIP=2, OPENSSL_CONF=C:\OpenSSL-Win64\bin\openssl.cfg, LOCALAPPDATA=C:\Users\krant\AppData\Local, USERDOMAIN=KKALLETLA-PC, LOGONSERVER=\\KKALLETLA-PC, JAVA_HOME=C:\Program Files\Java\jdk1.8.0_144, PROMPT=$P$G, GROOVY_HOME=C:\PROGRA~2\Groovy\GROOVY~1.0, OneDrive=C:\Users\krant\OneDrive, APPDATA=C:\Users\krant\AppData\Roaming, JAVA_EXE=C:\Program Files\Java\jdk1.8.0_144/bin/java.exe, VBOX_MSI_INSTALL_PATH=C:\Program Files\Oracle\VirtualBox\, CommonProgramFiles=C:\Program Files\Common Files, Path=C:\Program Files\Docker\Docker\Resources\bin;D:\app\krant\product\11.2.0\client_1;D:\app\krant\product\11.2.0\dbhome_1\bin;C:\ProgramData\Oracle\Java\javapath;C:\WINDOWS\system32;C:\WINDOWS;C:\WINDOWS\System32\Wbem;C:\WINDOWS\System32\WindowsPowerShell\v1.0\;C:\Program Files\Java\jdk1.8.0_144\bin;C:\Program Files\MySQL\MySQL Utilities 1.6\;C:\Program Files\PuTTY\;C:\Program Files\Git\cmd;C:\Users\krant\Desktop\openssl-0.9.8s-x64_86-win64;E:\Software\apache-maven-3.5.0-bin\bin;C:\Program Files\Cloud Foundry;C:\Program Files\nodejs\;C:\Program Files\Amazon\AWSCLI\;E:\Software\FCIV;C:\Gradle\gradle-4.3\bin;C:\Program Files (x86)\sbt\bin;C:\Program Files (x86)\NVIDIA Corporation\PhysX\Common;"E:\Software\zookeeper-3.4.11\bin;";C:\Users\krant\scoop\shims;C:\Users\krant\AppData\Local\Programs\Python\Python36-32\Scripts\;C:\Users\krant\AppData\Local\Programs\Python\Python36-32\;C:\Users\krant\AppData\Local\Microsoft\WindowsApps;C:\Users\krant\AppData\Local\GitHubDesktop\bin;C:\Users\krant\AppData\Roaming\npm;C:\Program Files (x86)\Nmap;E:\Software;;%USERPROFILE%\AppData\Local\Microsoft\WindowsApps, OS=Windows_NT, COMPUTERNAME=KKALLETLA-PC, SBT_HOME=C:\Program Files (x86)\sbt\, PROCESSOR_REVISION=3a09, CLASSPATH=E:\Material\JavaTrainning\eureka-server\\gradle\wrapper\gradle-wrapper.jar, CommonProgramW6432=C:\Program Files\Common Files, ComSpec=C:\WINDOWS\system32\cmd.exe, APP_BASE_NAME=gradlew, SystemRoot=C:\WINDOWS, TEMP=C:\Users\krant\AppData\Local\Temp, HOMEDRIVE=C:, USERPROFILE=C:\Users\krant, TMP=C:\Users\krant\AppData\Local\Temp, CommonProgramFiles(x86)=C:\Program Files (x86)\Common Files, NUMBER_OF_PROCESSORS=4}}]
20:06:56.688 [Test worker] DEBUG org.springframework.core.io.support.PathMatchingResourcePatternResolver - Resolved classpath location [com/kkalletla/eurekaserver/] to resources [URL [file:/E:/Material/JavaTrainning/eureka-server/build/classes/test/com/kkalletla/eurekaserver/], URL [file:/E:/Material/JavaTrainning/eureka-server/build/classes/main/com/kkalletla/eurekaserver/]]
20:06:56.690 [Test worker] DEBUG org.springframework.core.io.support.PathMatchingResourcePatternResolver - Looking for matching resources in directory tree [E:\Material\JavaTrainning\eureka-server\build\classes\test\com\kkalletla\eurekaserver]
20:06:56.691 [Test worker] DEBUG org.springframework.core.io.support.PathMatchingResourcePatternResolver - Searching directory [E:\Material\JavaTrainning\eureka-server\build\classes\test\com\kkalletla\eurekaserver] for files matching pattern [E:/Material/JavaTrainning/eureka-server/build/classes/test/com/kkalletla/eurekaserver/*.class]
20:06:56.699 [Test worker] DEBUG org.springframework.core.io.support.PathMatchingResourcePatternResolver - Looking for matching resources in directory tree [E:\Material\JavaTrainning\eureka-server\build\classes\main\com\kkalletla\eurekaserver]
20:06:56.699 [Test worker] DEBUG org.springframework.core.io.support.PathMatchingResourcePatternResolver - Searching directory [E:\Material\JavaTrainning\eureka-server\build\classes\main\com\kkalletla\eurekaserver] for files matching pattern [E:/Material/JavaTrainning/eureka-server/build/classes/main/com/kkalletla/eurekaserver/*.class]
20:06:56.700 [Test worker] DEBUG org.springframework.core.io.support.PathMatchingResourcePatternResolver - Resolved location pattern [classpath*:com/kkalletla/eurekaserver/*.class] to resources [file [E:\Material\JavaTrainning\eureka-server\build\classes\test\com\kkalletla\eurekaserver\EurekaServerApplicationTests.class], file [E:\Material\JavaTrainning\eureka-server\build\classes\main\com\kkalletla\eurekaserver\EurekaServerApplication.class]]
20:06:56.831 [Test worker] DEBUG org.springframework.context.annotation.ClassPathScanningCandidateComponentProvider - Identified candidate component class: file [E:\Material\JavaTrainning\eureka-server\build\classes\main\com\kkalletla\eurekaserver\EurekaServerApplication.class]
20:06:56.834 [Test worker] INFO org.springframework.boot.test.context.SpringBootTestContextBootstrapper - Found @SpringBootConfiguration com.kkalletla.eurekaserver.EurekaServerApplication for test class com.kkalletla.eurekaserver.EurekaServerApplicationTests
20:06:56.848 [Test worker] DEBUG org.springframework.boot.test.context.SpringBootTestContextBootstrapper - @TestExecutionListeners is not present for class [com.kkalletla.eurekaserver.EurekaServerApplicationTests]: using defaults.
20:06:56.861 [Test worker] INFO org.springframework.boot.test.context.SpringBootTestContextBootstrapper - Loaded default TestExecutionListener class names from location [META-INF/spring.factories]: [org.springframework.boot.test.mock.mockito.MockitoTestExecutionListener, org.springframework.boot.test.mock.mockito.ResetMocksTestExecutionListener, org.springframework.boot.test.autoconfigure.restdocs.RestDocsTestExecutionListener, org.springframework.boot.test.autoconfigure.web.client.MockRestServiceServerResetTestExecutionListener, org.springframework.boot.test.autoconfigure.web.servlet.MockMvcPrintOnlyOnFailureTestExecutionListener, org.springframework.boot.test.autoconfigure.web.servlet.WebDriverTestExecutionListener, org.springframework.test.context.web.ServletTestExecutionListener, org.springframework.test.context.support.DirtiesContextBeforeModesTestExecutionListener, org.springframework.test.context.support.DependencyInjectionTestExecutionListener, org.springframework.test.context.support.DirtiesContextTestExecutionListener, org.springframework.test.context.transaction.TransactionalTestExecutionListener, org.springframework.test.context.jdbc.SqlScriptsTestExecutionListener]
20:06:56.889 [Test worker] INFO org.springframework.boot.test.context.SpringBootTestContextBootstrapper - Could not instantiate TestExecutionListener [org.springframework.test.context.jdbc.SqlScriptsTestExecutionListener]. Specify custom listener classes or make the default listener classes (and their required dependencies) available. Offending class: [org/springframework/transaction/interceptor/TransactionAttribute]
20:06:56.897 [Test worker] INFO org.springframework.boot.test.context.SpringBootTestContextBootstrapper - Could not instantiate TestExecutionListener [org.springframework.test.context.transaction.TransactionalTestExecutionListener]. Specify custom listener classes or make the default listener classes (and their required dependencies) available. Offending class: [org/springframework/transaction/interceptor/TransactionAttributeSource]
20:06:56.900 [Test worker] INFO org.springframework.boot.test.context.SpringBootTestContextBootstrapper - Using TestExecutionListeners: [org.springframework.test.context.web.ServletTestExecutionListener@585efeaa, org.springframework.test.context.support.DirtiesContextBeforeModesTestExecutionListener@5e446830, org.springframework.boot.test.autoconfigure.SpringBootDependencyInjectionTestExecutionListener@2da5e46c, org.springframework.test.context.support.DirtiesContextTestExecutionListener@483de3ee, org.springframework.boot.test.autoconfigure.web.servlet.WebDriverTestExecutionListener@67b9ffed, org.springframework.boot.test.autoconfigure.restdocs.RestDocsTestExecutionListener@1ac10ec2, org.springframework.boot.test.autoconfigure.web.client.MockRestServiceServerResetTestExecutionListener@18c51f72, org.springframework.boot.test.mock.mockito.MockitoTestExecutionListener@3fc0ad17, org.springframework.boot.test.mock.mockito.ResetMocksTestExecutionListener@17ae7b95, org.springframework.boot.test.autoconfigure.web.servlet.MockMvcPrintOnlyOnFailureTestExecutionListener@58bd0bc]
20:06:56.907 [Test worker] DEBUG org.springframework.test.annotation.ProfileValueUtils - Retrieved @ProfileValueSourceConfiguration [null] for test class [com.kkalletla.eurekaserver.EurekaServerApplicationTests]
20:06:56.908 [Test worker] DEBUG org.springframework.test.annotation.ProfileValueUtils - Retrieved ProfileValueSource type [class org.springframework.test.annotation.SystemProfileValueSource] for class [com.kkalletla.eurekaserver.EurekaServerApplicationTests]
20:06:56.914 [Test worker] DEBUG org.springframework.test.annotation.ProfileValueUtils - Retrieved @ProfileValueSourceConfiguration [null] for test class [com.kkalletla.eurekaserver.EurekaServerApplicationTests]
20:06:56.932 [Test worker] DEBUG org.springframework.test.annotation.ProfileValueUtils - Retrieved ProfileValueSource type [class org.springframework.test.annotation.SystemProfileValueSource] for class [com.kkalletla.eurekaserver.EurekaServerApplicationTests]
20:06:56.947 [Test worker] DEBUG org.springframework.test.context.support.AbstractDirtiesContextTestExecutionListener - Before test class: context [DefaultTestContext@155b56be testClass = EurekaServerApplicationTests, testInstance = [null], testMethod = [null], testException = [null], mergedContextConfiguration = [WebMergedContextConfiguration@23730694 testClass = EurekaServerApplicationTests, locations = '{}', classes = '{class com.kkalletla.eurekaserver.EurekaServerApplication}', contextInitializerClasses = '[]', activeProfiles = '{}', propertySourceLocations = '{}', propertySourceProperties = '{org.springframework.boot.test.context.SpringBootTestContextBootstrapper=true}', contextCustomizers = set[org.springframework.boot.test.context.SpringBootTestContextCustomizer@62bdebe4, org.springframework.boot.test.context.filter.ExcludeFilterContextCustomizer@d6cce68, org.springframework.boot.test.json.DuplicateJsonObjectContextCustomizerFactory$DuplicateJsonObjectContextCustomizer@274f5897, org.springframework.boot.test.mock.mockito.MockitoContextCustomizer@0, org.springframework.boot.test.autoconfigure.properties.PropertyMappingContextCustomizer@0, org.springframework.boot.test.autoconfigure.web.servlet.WebDriverContextCustomizerFactory$Customizer@a84c7cc], resourceBasePath = 'src/main/webapp', contextLoader = 'org.springframework.boot.test.context.SpringBootContextLoader', parent = [null]]], class annotated with @DirtiesContext [false] with mode [null].
20:06:56.949 [Test worker] DEBUG org.springframework.test.annotation.ProfileValueUtils - Retrieved @ProfileValueSourceConfiguration [null] for test class [com.kkalletla.eurekaserver.EurekaServerApplicationTests]
20:06:56.950 [Test worker] DEBUG org.springframework.test.annotation.ProfileValueUtils - Retrieved ProfileValueSource type [class org.springframework.test.annotation.SystemProfileValueSource] for class [com.kkalletla.eurekaserver.EurekaServerApplicationTests]
20:06:57.237 [Test worker] DEBUG org.springframework.core.env.StandardEnvironment - Adding PropertySource 'systemProperties' with lowest search precedence
20:06:57.237 [Test worker] DEBUG org.springframework.core.env.StandardEnvironment - Adding PropertySource 'systemEnvironment' with lowest search precedence
20:06:57.238 [Test worker] DEBUG org.springframework.core.env.StandardEnvironment - Initialized StandardEnvironment with PropertySources [MapPropertySource@1342964686 {name='systemProperties', properties={java.runtime.name=Java(TM) SE Runtime Environment, sun.boot.library.path=C:\Program Files\Java\jdk1.8.0_144\jre\bin, java.vm.version=25.144-b01, java.vm.vendor=Oracle Corporation, java.vendor.url=http://java.oracle.com/, path.separator=;, java.vm.name=Java HotSpot(TM) 64-Bit Server VM, file.encoding.pkg=sun.io, user.script=, sun.java.launcher=SUN_STANDARD, user.country=US, sun.os.patch.level=, java.vm.specification.name=Java Virtual Machine Specification, user.dir=E:\Material\JavaTrainning\eureka-server, java.runtime.version=1.8.0_144-b01, java.awt.graphicsenv=sun.awt.Win32GraphicsEnvironment, java.endorsed.dirs=C:\Program Files\Java\jdk1.8.0_144\jre\lib\endorsed, os.arch=amd64, java.io.tmpdir=C:\Users\krant\AppData\Local\Temp\, line.separator=
, java.vm.specification.vendor=Oracle Corporation, user.variant=, os.name=Windows 10, sun.jnu.encoding=Cp1252, java.library.path=C:\Program Files\Java\jdk1.8.0_144\bin;C:\WINDOWS\Sun\Java\bin;C:\WINDOWS\system32;C:\WINDOWS;C:\Program Files\Docker\Docker\Resources\bin;D:\app\krant\product\11.2.0\client_1;D:\app\krant\product\11.2.0\dbhome_1\bin;C:\ProgramData\Oracle\Java\javapath;C:\WINDOWS\system32;C:\WINDOWS;C:\WINDOWS\System32\Wbem;C:\WINDOWS\System32\WindowsPowerShell\v1.0\;C:\Program Files\Java\jdk1.8.0_144\bin;C:\Program Files\MySQL\MySQL Utilities 1.6\;C:\Program Files\PuTTY\;C:\Program Files\Git\cmd;C:\Users\krant\Desktop\openssl-0.9.8s-x64_86-win64;E:\Software\apache-maven-3.5.0-bin\bin;C:\Program Files\Cloud Foundry;C:\Program Files\nodejs\;C:\Program Files\Amazon\AWSCLI\;E:\Software\FCIV;C:\Gradle\gradle-4.3\bin;C:\Program Files (x86)\sbt\bin;C:\Program Files (x86)\NVIDIA Corporation\PhysX\Common;"E:\Software\zookeeper-3.4.11\bin;";C:\Users\krant\scoop\shims;C:\Users\krant\AppData\Local\Programs\Python\Python36-32\Scripts\;C:\Users\krant\AppData\Local\Programs\Python\Python36-32\;C:\Users\krant\AppData\Local\Microsoft\WindowsApps;C:\Users\krant\AppData\Local\GitHubDesktop\bin;C:\Users\krant\AppData\Roaming\npm;C:\Program Files (x86)\Nmap;E:\Software;;%USERPROFILE%\AppData\Local\Microsoft\WindowsApps;., java.specification.name=Java Platform API Specification, java.class.version=52.0, sun.management.compiler=HotSpot 64-Bit Tiered Compilers, os.version=10.0, user.home=C:\Users\krant, user.timezone=America/Chicago, java.awt.printerjob=sun.awt.windows.WPrinterJob, file.encoding=windows-1252, java.specification.version=1.8, java.class.path=E:\Material\JavaTrainning\eureka-server\build\classes\test;E:\Material\JavaTrainning\eureka-server\build\resources\test;E:\Material\JavaTrainning\eureka-server\build\classes\main;E:\Material\JavaTrainning\eureka-server\build\resources\main;C:\Users\krant\.gradle\caches\modules-2\files-2.1\org.springframework.cloud\spring-cloud-starter-eureka\1.3.5.RELEASE\b316903152a7bf2b9e32117026c59a2c786d877c\spring-cloud-starter-eureka-1.3.5.RELEASE.jar;C:\Users\krant\.gradle\caches\modules-2\files-2.1\org.springframework.cloud\spring-cloud-starter-eureka-server\1.3.5.RELEASE\3d33b15f4a750812a26f38518bcd59b9dac36608\spring-cloud-starter-eureka-server-1.3.5.RELEASE.jar;C:\Users\krant\.gradle\caches\modules-2\files-2.1\org.springframework.boot\spring-boot-starter-test\1.5.8.RELEASE\20b767f594924b32950286f1236ab7d68ff861f9\spring-boot-starter-test-1.5.8.RELEASE.jar;C:\Users\krant\.gradle\caches\modules-2\files-2.1\org.springframework.boot\spring-boot-starter-web\1.5.8.RELEASE\7e0dc79e3b47be4539ad3c033639133ae6b7a17e\spring-boot-starter-web-1.5.8.RELEASE.jar;C:\Users\krant\.gradle\caches\modules-2\files-2.1\org.springframework.cloud\spring-cloud-starter\1.2.4.RELEASE\8dedf04851bf6bc85bf3b09813ccf7775568b22b\spring-cloud-starter-1.2.4.RELEASE.jar;C:\Users\krant\.gradle\caches\modules-2\files-2.1\org.springframework.cloud\spring-cloud-netflix-core\1.3.5.RELEASE\2f573a8b99146dd733b34480b5e11b3c34944e70\spring-cloud-netflix-core-1.3.5.RELEASE.jar;C:\Users\krant\.gradle\caches\modules-2\files-2.1\org.springframework.cloud\spring-cloud-netflix-eureka-client\1.3.5.RELEASE\2494e6bd9c7a23c1d1df85c36eb980e483a7bef7\spring-cloud-netflix-eureka-client-1.3.5.RELEASE.jar;C:\Users\krant\.gradle\caches\modules-2\files-2.1\com.netflix.eureka\eureka-client\1.6.2\632cc9b08ccda671780f095ec70a739508c90375\eureka-client-1.6.2.jar;C:\Users\krant\.gradle\caches\modules-2\files-2.1\com.netflix.eureka\eureka-core\1.6.2\8a8a7dbd1bc4f119f50f11d59b95383b5db6a587\eureka-core-1.6.2.jar;C:\Users\krant\.gradle\caches\modules-2\files-2.1\org.springframework.cloud\spring-cloud-starter-archaius\1.3.5.RELEASE\944357583c3c38b5b316c18919e844fe2ff66a17\spring-cloud-starter-archaius-1.3.5.RELEASE.jar;C:\Users\krant\.gradle\caches\modules-2\files-2.1\org.springframework.cloud\spring-cloud-starter-ribbon\1.3.5.RELEASE\42b1fbe8f07b3f7c464b0b7a667e3177e22f4da4\spring-cloud-starter-ribbon-1.3.5.RELEASE.jar;C:\Users\krant\.gradle\caches\modules-2\files-2.1\com.netflix.ribbon\ribbon-eureka\2.2.2\3698abea929c7e869587b1c3557148a2958f24c3\ribbon-eureka-2.2.2.jar;C:\Users\krant\.gradle\caches\modules-2\files-2.1\com.thoughtworks.xstream\xstream\1.4.9\c43f6e6bfa79b56e04a8898a923c3cf7144dd460\xstream-1.4.9.jar;C:\Users\krant\.gradle\caches\modules-2\files-2.1\org.springframework.cloud\spring-cloud-netflix-eureka-server\1.3.5.RELEASE\229db582d067ce9ae585a5aa1f725189c60b36a5\spring-cloud-netflix-eureka-server-1.3.5.RELEASE.jar;C:\Users\krant\.gradle\caches\modules-2\files-2.1\org.springframework.boot\spring-boot-test\1.5.8.RELEASE\17dedee86d1a9e9bd409d715fd90650ca1049659\spring-boot-test-1.5.8.RELEASE.jar;C:\Users\krant\.gradle\caches\modules-2\files-2.1\org.springframework.boot\spring-boot-test-autoconfigure\1.5.8.RELEASE\a8f986cc4b6ecef1417fe50c20984f12f54d15cc\spring-boot-test-autoconfigure-1.5.8.RELEASE.jar;C:\Users\krant\.gradle\caches\modules-2\files-2.1\com.jayway.jsonpath\json-path\2.2.0\22290d17944bd239fabf5ac69005a60a7ecbbbcb\json-path-2.2.0.jar;C:\Users\krant\.gradle\caches\modules-2\files-2.1\junit\junit\4.12\2973d150c0dc1fefe998f834810d68f278ea58ec\junit-4.12.jar;C:\Users\krant\.gradle\caches\modules-2\files-2.1\org.assertj\assertj-core\2.6.0\b532c3fc4f66bcfee4989a3514f1cd56203a33ad\assertj-core-2.6.0.jar;C:\Users\krant\.gradle\caches\modules-2\files-2.1\org.mockito\mockito-core\1.10.19\e8546f5bef4e061d8dd73895b4e8f40e3fe6effe\mockito-core-1.10.19.jar;C:\Users\krant\.gradle\caches\modules-2\files-2.1\org.hamcrest\hamcrest-core\1.3\42a25dc3219429f0e5d060061f71acb49bf010a0\hamcrest-core-1.3.jar;C:\Users\krant\.gradle\caches\modules-2\files-2.1\org.hamcrest\hamcrest-library\1.3\4785a3c21320980282f9f33d0d1264a69040538f\hamcrest-library-1.3.jar;C:\Users\krant\.gradle\caches\modules-2\files-2.1\org.skyscreamer\jsonassert\1.4.0\9cdbb373a06f6513e51e8c545ee6a5e981463edb\jsonassert-1.4.0.jar;C:\Users\krant\.gradle\caches\modules-2\files-2.1\org.springframework\spring-core\4.3.12.RELEASE\4cebc69478c6d350dbd5af28e3db7d5694f416e3\spring-core-4.3.12.RELEASE.jar;C:\Users\krant\.gradle\caches\modules-2\files-2.1\org.springframework\spring-test\4.3.12.RELEASE\825a7ac1014528db722a6cc94cceaef2410cb314\spring-test-4.3.12.RELEASE.jar;C:\Users\krant\.gradle\caches\modules-2\files-2.1\org.springframework.boot\spring-boot-starter\1.5.8.RELEASE\18048efe1f06569022a53cc3fb2fe9c0162935a3\spring-boot-starter-1.5.8.RELEASE.jar;C:\Users\krant\.gradle\caches\modules-2\files-2.1\org.springframework.boot\spring-boot-starter-tomcat\1.5.8.RELEASE\cf3b7eb7e192a60ab1dd09e4f8bce82710a5feb0\spring-boot-starter-tomcat-1.5.8.RELEASE.jar;C:\Users\krant\.gradle\caches\modules-2\files-2.1\org.hibernate\hibernate-validator\5.3.5.Final\622a9bcef2eed6d41b5b8e0662c36212009e375\hibernate-validator-5.3.5.Final.jar;C:\Users\krant\.gradle\caches\modules-2\files-2.1\com.fasterxml.jackson.core\jackson-databind\2.8.10\f7b83cb2bc4b88d53961e749e1ad32f49ef017b7\jackson-databind-2.8.10.jar;C:\Users\krant\.gradle\caches\modules-2\files-2.1\org.springframework\spring-web\4.3.12.RELEASE\86c29588cca74d0fc848b194cb13fcdfd12bc990\spring-web-4.3.12.RELEASE.jar;C:\Users\krant\.gradle\caches\modules-2\files-2.1\org.springframework\spring-webmvc\4.3.12.RELEASE\986e5dcd4435e780f6be64f8185eaa51523cf851\spring-webmvc-4.3.12.RELEASE.jar;C:\Users\krant\.gradle\caches\modules-2\files-2.1\org.springframework.cloud\spring-cloud-context\1.2.4.RELEASE\60d7e955ed26f1d37c48fbbd42884f348f34e593\spring-cloud-context-1.2.4.RELEASE.jar;C:\Users\krant\.gradle\caches\modules-2\files-2.1\org.springframework.cloud\spring-cloud-commons\1.2.4.RELEASE\d3b5ca7d53415c7a28d539c211577e9983e6d6cb\spring-cloud-commons-1.2.4.RELEASE.jar;C:\Users\krant\.gradle\caches\modules-2\files-2.1\org.springframework.security\spring-security-rsa\1.0.3.RELEASE\b0b1ee770597b5de1b51e9a889dfd2dc35d251b0\spring-security-rsa-1.0.3.RELEASE.jar;C:\Users\krant\.gradle\caches\modules-2\files-2.1\org.springframework.boot\spring-boot\1.5.8.RELEASE\748ebde51761e12627ad23d064024f342b18f9b4\spring-boot-1.5.8.RELEASE.jar;C:\Users\krant\.gradle\caches\modules-2\files-2.1\org.springframework.boot\spring-boot-autoconfigure\1.5.8.RELEASE\e4f2efa4c319f4e3613d94fbccfdb5ccda6873e3\spring-boot-autoconfigure-1.5.8.RELEASE.jar;C:\Users\krant\.gradle\caches\modules-2\files-2.1\org.codehaus.jettison\jettison\1.3.7\7d36a59a0577f11b12088b9e215d6860345b9e1d\jettison-1.3.7.jar;C:\Users\krant\.gradle\caches\modules-2\files-2.1\com.netflix.netflix-commons\netflix-eventbus\0.3.0\3f864adbe81f0849729fcbba3fe693c32be739ea\netflix-eventbus-0.3.0.jar;C:\Users\krant\.gradle\caches\modules-2\files-2.1\com.netflix.archaius\archaius-core\0.7.4\d6b5e5c541452248fd8565ccd0732623c81a30b5\archaius-core-0.7.4.jar;C:\Users\krant\.gradle\caches\modules-2\files-2.1\javax.ws.rs\jsr311-api\1.1.1\59033da2a1afd56af1ac576750a8d0b1830d59e6\jsr311-api-1.1.1.jar;C:\Users\krant\.gradle\caches\modules-2\files-2.1\com.netflix.servo\servo-core\0.10.1\7461ed61647f9996c88ad822546ffc7851a45e0e\servo-core-0.10.1.jar;C:\Users\krant\.gradle\caches\modules-2\files-2.1\com.sun.jersey\jersey-core\1.19.1\4282d106f2acd5051bd9bc2935ed9a2920c9385\jersey-core-1.19.1.jar;C:\Users\krant\.gradle\caches\modules-2\files-2.1\com.sun.jersey\jersey-client\1.19.1\2df97ebd4e5c01599584c45caa3aeb563d268eef\jersey-client-1.19.1.jar;C:\Users\krant\.gradle\caches\modules-2\files-2.1\com.sun.jersey.contribs\jersey-apache-client4\1.19.1\e1c45701a003097ace96bed4bc8fb937e9867498\jersey-apache-client4-1.19.1.jar;C:\Users\krant\.gradle\caches\modules-2\files-2.1\org.apache.httpcomponents\httpclient\4.5.3\d1577ae15f01ef5438c5afc62162457c00a34713\httpclient-4.5.3.jar;C:\Users\krant\.gradle\caches\modules-2\files-2.1\com.google.inject\guice\4.1.0\eeb69005da379a10071aa4948c48d89250febb07\guice-4.1.0.jar;C:\Users\krant\.gradle\caches\modules-2\files-2.1\com.fasterxml.jackson.core\jackson-annotations\2.8.0\45b426f7796b741035581a176744d91090e2e6fb\jackson-annotations-2.8.0.jar;C:\Users\krant\.gradle\caches\modules-2\files-2.1\com.fasterxml.jackson.core\jackson-core\2.8.10\eb21a035c66ad307e66ec8fce37f5d50fd62d039\jackson-core-2.8.10.jar;C:\Users\krant\.gradle\caches\modules-2\files-2.1\org.codehaus.woodstox\woodstox-core-asl\4.4.1\84fee5eb1a4a1cefe65b6883c73b3fa83be3c1a1\woodstox-core-asl-4.4.1.jar;C:\Users\krant\.gradle\caches\modules-2\files-2.1\commons-configuration\commons-configuration\1.8\6cce40435bcd8018018f16898de01976b319941a\commons-configuration-1.8.jar;C:\Users\krant\.gradle\caches\modules-2\files-2.1\com.google.guava\guava\18.0\cce0823396aa693798f8882e64213b1772032b09\guava-18.0.jar;C:\Users\krant\.gradle\caches\modules-2\files-2.1\com.netflix.ribbon\ribbon\2.2.2\8375769b9a922dc5339eba8536fcd3b204604ec4\ribbon-2.2.2.jar;C:\Users\krant\.gradle\caches\modules-2\files-2.1\com.netflix.ribbon\ribbon-core\2.2.2\e4e35763c347c6a3936735d687f1bd25c188634\ribbon-core-2.2.2.jar;C:\Users\krant\.gradle\caches\modules-2\files-2.1\com.netflix.ribbon\ribbon-httpclient\2.2.2\88c3f39aa09591964923d60f92c13d3a91125d81\ribbon-httpclient-2.2.2.jar;C:\Users\krant\.gradle\caches\modules-2\files-2.1\com.netflix.ribbon\ribbon-loadbalancer\2.2.2\dad3e307fb759c3be36d93a1a7a2a031569d8de8\ribbon-loadbalancer-2.2.2.jar;C:\Users\krant\.gradle\caches\modules-2\files-2.1\io.reactivex\rxjava\1.1.10\2ac360e8a47601a8dfd044e646f05b99d151f2e0\rxjava-1.1.10.jar;C:\Users\krant\.gradle\caches\modules-2\files-2.1\org.slf4j\slf4j-api\1.7.25\da76ca59f6a57ee3102f8f9bd9cee742973efa8a\slf4j-api-1.7.25.jar;C:\Users\krant\.gradle\caches\modules-2\files-2.1\xmlpull\xmlpull\1.1.3.1\2b8e230d2ab644e4ecaa94db7cdedbc40c805dfa\xmlpull-1.1.3.1.jar;C:\Users\krant\.gradle\caches\modules-2\files-2.1\xpp3\xpp3_min\1.1.4c\19d4e90b43059058f6e056f794f0ea4030d60b86\xpp3_min-1.1.4c.jar;C:\Users\krant\.gradle\caches\modules-2\files-2.1\org.springframework.boot\spring-boot-starter-actuator\1.5.8.RELEASE\927c40a1af518dc240dfdf7aaf0a9673c3a127c5\spring-boot-starter-actuator-1.5.8.RELEASE.jar;C:\Users\krant\.gradle\caches\modules-2\files-2.1\org.springframework.boot\spring-boot-starter-freemarker\1.5.8.RELEASE\5d79e3fcb6e5de432afd99ab6bdf93ff4b05c5de\spring-boot-starter-freemarker-1.5.8.RELEASE.jar;C:\Users\krant\.gradle\caches\modules-2\files-2.1\com.sun.jersey\jersey-servlet\1.19.1\d4e259cf85242c9905b6e5894f2cac803232f565\jersey-servlet-1.19.1.jar;C:\Users\krant\.gradle\caches\modules-2\files-2.1\com.sun.jersey\jersey-server\1.19.1\1906bc869c8a4144d8e035c45a934929eb70ebb0\jersey-server-1.19.1.jar;C:\Users\krant\.gradle\caches\modules-2\files-2.1\javax.inject\javax.inject\1\6975da39a7040257bd51d21a231b76c915872d38\javax.inject-1.jar;C:\Users\krant\.gradle\caches\modules-2\files-2.1\com.fasterxml.jackson.dataformat\jackson-dataformat-xml\2.8.10\5cf5b7cc981df1d75b228e5331cb95709fef045f\jackson-dataformat-xml-2.8.10.jar;C:\Users\krant\.gradle\caches\modules-2\files-2.1\net.minidev\json-smart\2.2.1\5b9e5df7a62d1279b70dc882b041d249c4f0b002\json-smart-2.2.1.jar;C:\Users\krant\.gradle\caches\modules-2\files-2.1\org.objenesis\objenesis\2.1\87c0ea803b69252868d09308b4618f766f135a96\objenesis-2.1.jar;C:\Users\krant\.gradle\caches\modules-2\files-2.1\com.vaadin.external.google\android-json\0.0.20131108.vaadin1\fa26d351fe62a6a17f5cda1287c1c6110dec413f\android-json-0.0.20131108.vaadin1.jar;C:\Users\krant\.gradle\caches\modules-2\files-2.1\org.springframework.boot\spring-boot-starter-logging\1.5.8.RELEASE\ebc00a0e46753d90431fdcc5e3d6b9fd3bf1564a\spring-boot-starter-logging-1.5.8.RELEASE.jar;C:\Users\krant\.gradle\caches\modules-2\files-2.1\org.yaml\snakeyaml\1.17\7a27ea250c5130b2922b86dea63cbb1cc10a660c\snakeyaml-1.17.jar;C:\Users\krant\.gradle\caches\modules-2\files-2.1\org.apache.tomcat.embed\tomcat-embed-core\8.5.23\79261793a47f507890ee08f749b9d81774e4f7f0\tomcat-embed-core-8.5.23.jar;C:\Users\krant\.gradle\caches\modules-2\files-2.1\org.apache.tomcat.embed\tomcat-embed-el\8.5.23\98d979cde444dffa6d434c8377d0123b2dfa614c\tomcat-embed-el-8.5.23.jar;C:\Users\krant\.gradle\caches\modules-2\files-2.1\org.apache.tomcat.embed\tomcat-embed-websocket\8.5.23\52f07abcae10dc7e1764304b0877def175c2c833\tomcat-embed-websocket-8.5.23.jar;C:\Users\krant\.gradle\caches\modules-2\files-2.1\javax.validation\validation-api\1.1.0.Final\8613ae82954779d518631e05daa73a6a954817d5\validation-api-1.1.0.Final.jar;C:\Users\krant\.gradle\caches\modules-2\files-2.1\org.jboss.logging\jboss-logging\3.3.1.Final\c46217ab74b532568c0ed31dc599db3048bd1b67\jboss-logging-3.3.1.Final.jar;C:\Users\krant\.gradle\caches\modules-2\files-2.1\com.fasterxml\classmate\1.3.4\3d5f48f10bbe4eb7bd862f10c0583be2e0053c6\classmate-1.3.4.jar;C:\Users\krant\.gradle\caches\modules-2\files-2.1\org.springframework\spring-aop\4.3.12.RELEASE\b3fef085902993c2ef874c45c7bfd79296d5a5a4\spring-aop-4.3.12.RELEASE.jar;C:\Users\krant\.gradle\caches\modules-2\files-2.1\org.springframework\spring-beans\4.3.12.RELEASE\547dd432d47d0f01d9ccbedc4b705f9f7c1240a\spring-beans-4.3.12.RELEASE.jar;C:\Users\krant\.gradle\caches\modules-2\files-2.1\org.springframework\spring-context\4.3.12.RELEASE\5e6d26f36636f36b7efec1d6a0c5991284fbd95b\spring-context-4.3.12.RELEASE.jar;C:\Users\krant\.gradle\caches\modules-2\files-2.1\org.springframework\spring-expression\4.3.12.RELEASE\790f69f6ad7f9da8d4a92c603ad7244c398c8309\spring-expression-4.3.12.RELEASE.jar;C:\Users\krant\.gradle\caches\modules-2\files-2.1\org.springframework.security\spring-security-crypto\4.2.3.RELEASE\a5c850acc91bff1970fe751d7407df81c4bce3cc\spring-security-crypto-4.2.3.RELEASE.jar;C:\Users\krant\.gradle\caches\modules-2\files-2.1\org.bouncycastle\bcpkix-jdk15on\1.55\6392d8cba22b722c6570d660ca0b3921ff1bae4f\bcpkix-jdk15on-1.55.jar;C:\Users\krant\.gradle\caches\modules-2\files-2.1\stax\stax-api\1.0.1\49c100caf72d658aca8e58bd74a4ba90fa2b0d70\stax-api-1.0.1.jar;C:\Users\krant\.gradle\caches\modules-2\files-2.1\com.netflix.netflix-commons\netflix-infix\0.3.0\acc65969f7367ddd2f1265e0cd7330509ed530dc\netflix-infix-0.3.0.jar;C:\Users\krant\.gradle\caches\modules-2\files-2.1\org.apache.commons\commons-math\2.2\4877b85d388275f994a5cfc7eceb73a8045d3006\commons-math-2.2.jar;C:\Users\krant\.gradle\caches\modules-2\files-2.1\com.netflix.servo\servo-internal\0.10.1\bb6f9cd7b309189bad01b93a806ba9d6cb5d915a\servo-internal-0.10.1.jar;C:\Users\krant\.gradle\caches\modules-2\files-2.1\org.apache.httpcomponents\httpcore\4.4.8\70539e2a07865bab38b4153da1ce599cf081790a\httpcore-4.4.8.jar;C:\Users\krant\.gradle\caches\modules-2\files-2.1\commons-codec\commons-codec\1.10\4b95f4897fa13f2cd904aee711aeafc0c5295cd8\commons-codec-1.10.jar;C:\Users\krant\.gradle\caches\modules-2\files-2.1\aopalliance\aopalliance\1.0\235ba8b489512805ac13a8f9ea77a1ca5ebe3e8\aopalliance-1.0.jar;C:\Users\krant\.gradle\caches\modules-2\files-2.1\javax.xml.stream\stax-api\1.0-2\d6337b0de8b25e53e81b922352fbea9f9f57ba0b\stax-api-1.0-2.jar;C:\Users\krant\.gradle\caches\modules-2\files-2.1\org.codehaus.woodstox\stax2-api\3.1.4\ac19014b1e6a7c08aad07fe114af792676b685b7\stax2-api-3.1.4.jar;C:\Users\krant\.gradle\caches\modules-2\files-2.1\commons-lang\commons-lang\2.6\ce1edb914c94ebc388f086c6827e8bdeec71ac2\commons-lang-2.6.jar;C:\Users\krant\.gradle\caches\modules-2\files-2.1\com.netflix.ribbon\ribbon-transport\2.2.2\de836ea86da897f3ecf5ac9d2cc790ea2293f017\ribbon-transport-2.2.2.jar;C:\Users\krant\.gradle\caches\modules-2\files-2.1\com.netflix.hystrix\hystrix-core\1.5.12\75379b6671fcaa9cec33035df684a68ec7741ca6\hystrix-core-1.5.12.jar;C:\Users\krant\.gradle\caches\modules-2\files-2.1\io.reactivex\rxnetty\0.4.9\5aff3c9d6bb9d9066c378bb3d2a4413ed1773bcf\rxnetty-0.4.9.jar;C:\Users\krant\.gradle\caches\modules-2\files-2.1\commons-collections\commons-collections\3.2.2\8ad72fe39fa8c91eaaf12aadb21e0c3661fe26d5\commons-collections-3.2.2.jar;C:\Users\krant\.gradle\caches\modules-2\files-2.1\com.netflix.netflix-commons\netflix-commons-util\0.1.1\39e67061780476f207b31465baaed84a91ff659f\netflix-commons-util-0.1.1.jar;C:\Users\krant\.gradle\caches\modules-2\files-2.1\com.netflix.netflix-commons\netflix-statistics\0.1.1\12f6e48253f9cafa0e24d7d232ff504c52143212\netflix-statistics-0.1.1.jar;C:\Users\krant\.gradle\caches\modules-2\files-2.1\org.springframework.boot\spring-boot-actuator\1.5.8.RELEASE\aac530fe877ed91c92831019755c49f29b08e6\spring-boot-actuator-1.5.8.RELEASE.jar;C:\Users\krant\.gradle\caches\modules-2\files-2.1\org.freemarker\freemarker\2.3.26-incubating\713237e013f725b72f4f9ec931a49c14b1805359\freemarker-2.3.26-incubating.jar;C:\Users\krant\.gradle\caches\modules-2\files-2.1\org.springframework\spring-context-support\4.3.12.RELEASE\6f3a71b93b69f38ac545b6043fab7e474addee15\spring-context-support-4.3.12.RELEASE.jar;C:\Users\krant\.gradle\caches\modules-2\files-2.1\com.amazonaws\aws-java-sdk-core\1.11.125\aaf774e3592ae3aec960a1568ef1f28467e0a994\aws-java-sdk-core-1.11.125.jar;C:\Users\krant\.gradle\caches\modules-2\files-2.1\com.amazonaws\aws-java-sdk-ec2\1.11.125\b45d7ae072e9d845bb1e9f09ee185769e1c332ca\aws-java-sdk-ec2-1.11.125.jar;C:\Users\krant\.gradle\caches\modules-2\files-2.1\com.amazonaws\aws-java-sdk-autoscaling\1.11.125\ed5950d2906ac8bf7c18b0e176d80ba2b431e160\aws-java-sdk-autoscaling-1.11.125.jar;C:\Users\krant\.gradle\caches\modules-2\files-2.1\com.amazonaws\aws-java-sdk-sts\1.11.125\8024011e217b04e6d918c4bccaa3e694adeb8de2\aws-java-sdk-sts-1.11.125.jar;C:\Users\krant\.gradle\caches\modules-2\files-2.1\com.amazonaws\aws-java-sdk-route53\1.11.125\b95525b048dce8c57cd2fdeb709caa0314395942\aws-java-sdk-route53-1.11.125.jar;C:\Users\krant\.gradle\caches\modules-2\files-2.1\com.fasterxml.jackson.module\jackson-module-jaxb-annotations\2.8.10\22df8efd0cff7661bf136148c73e2651748f7600\jackson-module-jaxb-annotations-2.8.10.jar;C:\Users\krant\.gradle\caches\modules-2\files-2.1\com.fasterxml.woodstox\woodstox-core\5.0.3\10aa199207fda142eff01cd61c69244877d71770\woodstox-core-5.0.3.jar;C:\Users\krant\.gradle\caches\modules-2\files-2.1\net.minidev\accessors-smart\1.1\a527213f2fea112a04c9bdf0ec0264e34104cd08\accessors-smart-1.1.jar;C:\Users\krant\.gradle\caches\modules-2\files-2.1\ch.qos.logback\logback-classic\1.1.11\ccedfbacef4a6515d2983e3f89ed753d5d4fb665\logback-classic-1.1.11.jar;C:\Users\krant\.gradle\caches\modules-2\files-2.1\org.slf4j\jcl-over-slf4j\1.7.25\f8c32b13ff142a513eeb5b6330b1588dcb2c0461\jcl-over-slf4j-1.7.25.jar;C:\Users\krant\.gradle\caches\modules-2\files-2.1\org.slf4j\jul-to-slf4j\1.7.25\af5364cd6679bfffb114f0dec8a157aaa283b76\jul-to-slf4j-1.7.25.jar;C:\Users\krant\.gradle\caches\modules-2\files-2.1\org.slf4j\log4j-over-slf4j\1.7.25\a87bb47468f47ee7aabbd54f93e133d4215769c3\log4j-over-slf4j-1.7.25.jar;C:\Users\krant\.gradle\caches\modules-2\files-2.1\org.apache.tomcat\tomcat-annotations-api\8.5.23\aaf17df9fe0240e9e9d5375d24d5f177174b73d9\tomcat-annotations-api-8.5.23.jar;C:\Users\krant\.gradle\caches\modules-2\files-2.1\org.bouncycastle\bcprov-jdk15on\1.55\935f2e57a00ec2c489cbd2ad830d4a399708f979\bcprov-jdk15on-1.55.jar;C:\Users\krant\.gradle\caches\modules-2\files-2.1\commons-jxpath\commons-jxpath\1.3\c22d7d0f0f40eb7059a23cfa61773a416768b137\commons-jxpath-1.3.jar;C:\Users\krant\.gradle\caches\modules-2\files-2.1\joda-time\joda-time\2.9.9\f7b520c458572890807d143670c9b24f4de90897\joda-time-2.9.9.jar;C:\Users\krant\.gradle\caches\modules-2\files-2.1\org.antlr\antlr-runtime\3.4\8f011408269a8e42b8548687e137d8eeb56df4b4\antlr-runtime-3.4.jar;C:\Users\krant\.gradle\caches\modules-2\files-2.1\com.google.code.gson\gson\2.8.2\3edcfe49d2c6053a70a2a47e4e1c2f94998a49cf\gson-2.8.2.jar;C:\Users\krant\.gradle\caches\modules-2\files-2.1\io.reactivex\rxnetty-contexts\0.4.9\6efe17a25602a5424c18ab975aa9c28b6d6b7f56\rxnetty-contexts-0.4.9.jar;C:\Users\krant\.gradle\caches\modules-2\files-2.1\io.reactivex\rxnetty-servo\0.4.9\b7d6d6e132686c280f16710eaa3e90719f6808f8\rxnetty-servo-0.4.9.jar;C:\Users\krant\.gradle\caches\modules-2\files-2.1\org.hdrhistogram\HdrHistogram\2.1.9\e4631ce165eb400edecfa32e03d3f1be53dee754\HdrHistogram-2.1.9.jar;C:\Users\krant\.gradle\caches\modules-2\files-2.1\io.netty\netty-codec-http\4.0.27.Final\59b04b31b58942615c0035c61db1167d118ee218\netty-codec-http-4.0.27.Final.jar;C:\Users\krant\.gradle\caches\modules-2\files-2.1\io.netty\netty-transport-native-epoll\4.0.27.Final\3da4eda5697a09c9f8e217bc6a0f265b5b5102c5\netty-transport-native-epoll-4.0.27.Final.jar;C:\Users\krant\.gradle\caches\modules-2\files-2.1\software.amazon.ion\ion-java\1.0.2\ee9dacea7726e495f8352b81c12c23834ffbc564\ion-java-1.0.2.jar;C:\Users\krant\.gradle\caches\modules-2\files-2.1\com.fasterxml.jackson.dataformat\jackson-dataformat-cbor\2.8.10\1c58cc9313ddf19f0900cd61ed044874278ce320\jackson-dataformat-cbor-2.8.10.jar;C:\Users\krant\.gradle\caches\modules-2\files-2.1\com.amazonaws\jmespath-java\1.11.125\d4b5dfa6c83715642be47e768b0d2299ce04607b\jmespath-java-1.11.125.jar;C:\Users\krant\.gradle\caches\modules-2\files-2.1\org.ow2.asm\asm\5.0.3\dcc2193db20e19e1feca8b1240dbbc4e190824fa\asm-5.0.3.jar;C:\Users\krant\.gradle\caches\modules-2\files-2.1\ch.qos.logback\logback-core\1.1.11\88b8df40340eed549fb07e2613879bf6b006704d\logback-core-1.1.11.jar;C:\Users\krant\.gradle\caches\modules-2\files-2.1\org.antlr\stringtemplate\3.2.1\59ec8083721eae215c6f3caee944c410d2be34de\stringtemplate-3.2.1.jar;C:\Users\krant\.gradle\caches\modules-2\files-2.1\antlr\antlr\2.7.7\83cd2cd674a217ade95a4bb83a8a14f351f48bd0\antlr-2.7.7.jar;C:\Users\krant\.gradle\caches\modules-2\files-2.1\io.netty\netty-codec\4.0.27.Final\8ed3790b480d4370d22ad1b74a79a54663619b3\netty-codec-4.0.27.Final.jar;C:\Users\krant\.gradle\caches\modules-2\files-2.1\io.netty\netty-handler\4.0.27.Final\91d5c8e25150759bdfce680f318e7b3e8a493b1f\netty-handler-4.0.27.Final.jar;C:\Users\krant\.gradle\caches\modules-2\files-2.1\io.netty\netty-common\4.0.27.Final\f9adee4559928c2e75d58b33e109c17342cb0991\netty-common-4.0.27.Final.jar;C:\Users\krant\.gradle\caches\modules-2\files-2.1\io.netty\netty-buffer\4.0.27.Final\91d5d38fd5cfa7b507e4f82297ba2bf7f30be805\netty-buffer-4.0.27.Final.jar;C:\Users\krant\.gradle\caches\modules-2\files-2.1\io.netty\netty-transport\4.0.27.Final\fc1e00d9d2815f74df6af1cf79da65d6b2d6b102\netty-transport-4.0.27.Final.jar, user.name=krant, java.vm.specification.version=1.8, sun.java.command=worker.org.gradle.process.internal.worker.GradleWorkerMain 'Gradle Test Executor 1', java.home=C:\Program Files\Java\jdk1.8.0_144\jre, sun.arch.data.model=64, user.language=en, java.specification.vendor=Oracle Corporation, awt.toolkit=sun.awt.windows.WToolkit, java.vm.info=mixed mode, java.version=1.8.0_144, java.ext.dirs=C:\Program Files\Java\jdk1.8.0_144\jre\lib\ext;C:\WINDOWS\Sun\Java\lib\ext, sun.boot.class.path=C:\Program Files\Java\jdk1.8.0_144\jre\lib\resources.jar;C:\Program Files\Java\jdk1.8.0_144\jre\lib\rt.jar;C:\Program Files\Java\jdk1.8.0_144\jre\lib\sunrsasign.jar;C:\Program Files\Java\jdk1.8.0_144\jre\lib\jsse.jar;C:\Program Files\Java\jdk1.8.0_144\jre\lib\jce.jar;C:\Program Files\Java\jdk1.8.0_144\jre\lib\charsets.jar;C:\Program Files\Java\jdk1.8.0_144\jre\lib\jfr.jar;C:\Program Files\Java\jdk1.8.0_144\jre\classes, java.vendor=Oracle Corporation, org.gradle.test.worker=1, file.separator=\, java.vendor.url.bug=http://bugreport.sun.com/bugreport/, sun.io.unicode.encoding=UnicodeLittle, sun.cpu.endian=little, sun.desktop=windows, sun.cpu.isalist=amd64}}, SystemEnvironmentPropertySource@313345683 {name='systemEnvironment', properties={USERDOMAIN_ROAMINGPROFILE=KKALLETLA-PC, PROCESSOR_LEVEL=6, SESSIONNAME=Console, ALLUSERSPROFILE=C:\ProgramData, PROCESSOR_ARCHITECTURE=AMD64, PSModulePath=C:\Program Files\WindowsPowerShell\Modules;C:\WINDOWS\system32\WindowsPowerShell\v1.0\Modules;C:\Program Files\WindowsPowerShell\Modules;"C:\Program Files\WindowsPowerShell\Modules;";, SystemDrive=C:, =E:=E:\Material\JavaTrainning\eureka-server, DIRNAME=E:\Material\JavaTrainning\eureka-server\, USERNAME=krant, CMD_LINE_ARGS=build buildDocker, ProgramFiles(x86)=C:\Program Files (x86), APP_HOME=E:\Material\JavaTrainning\eureka-server\, PATHEXT=.COM;.EXE;.BAT;.CMD;.VBS;.VBE;.JS;.JSE;.WSF;.WSH;.MSC;.groovy;.gy, ProgramData=C:\ProgramData, ProgramW6432=C:\Program Files, HOMEPATH=\Users\krant, PROCESSOR_IDENTIFIER=Intel64 Family 6 Model 58 Stepping 9, GenuineIntel, ProgramFiles=C:\Program Files, PUBLIC=C:\Users\Public, windir=C:\WINDOWS, =::=::\, ZOOKEEPER_HOME=E:\Software\zookeeper-3.4.11, _SKIP=2, OPENSSL_CONF=C:\OpenSSL-Win64\bin\openssl.cfg, LOCALAPPDATA=C:\Users\krant\AppData\Local, USERDOMAIN=KKALLETLA-PC, LOGONSERVER=\\KKALLETLA-PC, JAVA_HOME=C:\Program Files\Java\jdk1.8.0_144, PROMPT=$P$G, GROOVY_HOME=C:\PROGRA~2\Groovy\GROOVY~1.0, OneDrive=C:\Users\krant\OneDrive, APPDATA=C:\Users\krant\AppData\Roaming, JAVA_EXE=C:\Program Files\Java\jdk1.8.0_144/bin/java.exe, VBOX_MSI_INSTALL_PATH=C:\Program Files\Oracle\VirtualBox\, CommonProgramFiles=C:\Program Files\Common Files, Path=C:\Program Files\Docker\Docker\Resources\bin;D:\app\krant\product\11.2.0\client_1;D:\app\krant\product\11.2.0\dbhome_1\bin;C:\ProgramData\Oracle\Java\javapath;C:\WINDOWS\system32;C:\WINDOWS;C:\WINDOWS\System32\Wbem;C:\WINDOWS\System32\WindowsPowerShell\v1.0\;C:\Program Files\Java\jdk1.8.0_144\bin;C:\Program Files\MySQL\MySQL Utilities 1.6\;C:\Program Files\PuTTY\;C:\Program Files\Git\cmd;C:\Users\krant\Desktop\openssl-0.9.8s-x64_86-win64;E:\Software\apache-maven-3.5.0-bin\bin;C:\Program Files\Cloud Foundry;C:\Program Files\nodejs\;C:\Program Files\Amazon\AWSCLI\;E:\Software\FCIV;C:\Gradle\gradle-4.3\bin;C:\Program Files (x86)\sbt\bin;C:\Program Files (x86)\NVIDIA Corporation\PhysX\Common;"E:\Software\zookeeper-3.4.11\bin;";C:\Users\krant\scoop\shims;C:\Users\krant\AppData\Local\Programs\Python\Python36-32\Scripts\;C:\Users\krant\AppData\Local\Programs\Python\Python36-32\;C:\Users\krant\AppData\Local\Microsoft\WindowsApps;C:\Users\krant\AppData\Local\GitHubDesktop\bin;C:\Users\krant\AppData\Roaming\npm;C:\Program Files (x86)\Nmap;E:\Software;;%USERPROFILE%\AppData\Local\Microsoft\WindowsApps, OS=Windows_NT, COMPUTERNAME=KKALLETLA-PC, SBT_HOME=C:\Program Files (x86)\sbt\, PROCESSOR_REVISION=3a09, CLASSPATH=E:\Material\JavaTrainning\eureka-server\\gradle\wrapper\gradle-wrapper.jar, CommonProgramW6432=C:\Program Files\Common Files, ComSpec=C:\WINDOWS\system32\cmd.exe, APP_BASE_NAME=gradlew, SystemRoot=C:\WINDOWS, TEMP=C:\Users\krant\AppData\Local\Temp, HOMEDRIVE=C:, USERPROFILE=C:\Users\krant, TMP=C:\Users\krant\AppData\Local\Temp, CommonProgramFiles(x86)=C:\Program Files (x86)\Common Files, NUMBER_OF_PROCESSORS=4}}]
20:06:57.247 [Test worker] DEBUG org.springframework.core.env.MutablePropertySources - Adding PropertySource 'inline' with highest search precedence
20:06:57.266 [Test worker] DEBUG org.springframework.test.context.support.TestPropertySourceUtils - Adding inlined properties to environment: {spring.jmx.enabled=false, org.springframework.boot.test.context.SpringBootTestContextBootstrapper=true, server.port=-1}
20:06:57.268 [Test worker] DEBUG org.springframework.core.env.StandardEnvironment - Adding PropertySource 'Inlined Test Properties' with highest search precedence
2017-11-16 20:06:59.348  INFO 4244 --- [    Test worker] s.c.a.AnnotationConfigApplicationContext : Refreshing org.springframework.context.annotation.AnnotationConfigApplicationContext@71f24a91: startup date [Thu Nov 16 20:06:59 CST 2017]; root of context hierarchy
2017-11-16 20:07:00.077  INFO 4244 --- [    Test worker] f.a.AutowiredAnnotationBeanPostProcessor : JSR-330 'javax.inject.Inject' annotation found and supported for autowiring
2017-11-16 20:07:00.388  INFO 4244 --- [    Test worker] trationDelegate$BeanPostProcessorChecker : Bean 'configurationPropertiesRebinderAutoConfiguration' of type [org.springframework.cloud.autoconfigure.ConfigurationPropertiesRebinderAutoConfiguration$$EnhancerBySpringCGLIB$$40ff60f7] is not eligible for getting processed by all BeanPostProcessors (for example: not eligible for auto-proxying)

  .   ____          _            __ _ _
 /\\ / ___'_ __ _ _(_)_ __  __ _ \ \ \ \
( ( )\___ | '_ | '_| | '_ \/ _` | \ \ \ \
 \\/  ___)| |_)| | | | | || (_| |  ) ) ) )
  '  |____| .__|_| |_|_| |_\__, | / / / /
 =========|_|==============|___/=/_/_/_/
 :: Spring Boot ::        (v1.5.8.RELEASE)

2017-11-16 20:07:02.948  INFO 4244 --- [    Test worker] c.k.e.EurekaServerApplicationTests       : No active profile set, falling back to default profiles: default
2017-11-16 20:07:02.955  INFO 4244 --- [    Test worker] o.s.w.c.s.GenericWebApplicationContext   : Refreshing org.springframework.web.context.support.GenericWebApplicationContext@3d2c3ea2: startup date [Thu Nov 16 20:07:02 CST 2017]; parent: org.springframework.context.annotation.AnnotationConfigApplicationContext@71f24a91
2017-11-16 20:07:05.405  INFO 4244 --- [    Test worker] o.s.cloud.context.scope.GenericScope     : BeanFactory id=fe674b7a-1e4d-3ee4-8d50-2cef3710f20f
2017-11-16 20:07:05.548  INFO 4244 --- [    Test worker] f.a.AutowiredAnnotationBeanPostProcessor : JSR-330 'javax.inject.Inject' annotation found and supported for autowiring
2017-11-16 20:07:05.715  INFO 4244 --- [    Test worker] trationDelegate$BeanPostProcessorChecker : Bean 'org.springframework.cloud.netflix.metrics.MetricsInterceptorConfiguration$MetricsRestTemplateConfiguration' of type [org.springframework.cloud.netflix.metrics.MetricsInterceptorConfiguration$MetricsRestTemplateConfiguration$$EnhancerBySpringCGLIB$$5712043b] is not eligible for getting processed by all BeanPostProcessors (for example: not eligible for auto-proxying)
2017-11-16 20:07:05.742  INFO 4244 --- [    Test worker] trationDelegate$BeanPostProcessorChecker : Bean 'org.springframework.cloud.autoconfigure.ConfigurationPropertiesRebinderAutoConfiguration' of type [org.springframework.cloud.autoconfigure.ConfigurationPropertiesRebinderAutoConfiguration$$EnhancerBySpringCGLIB$$40ff60f7] is not eligible for getting processed by all BeanPostProcessors (for example: not eligible for auto-proxying)
2017-11-16 20:07:07.633  WARN 4244 --- [    Test worker] o.s.c.n.a.ArchaiusAutoConfiguration      : No spring.application.name found, defaulting to 'application'
2017-11-16 20:07:07.643  WARN 4244 --- [    Test worker] c.n.c.sources.URLConfigurationSource     : No URLs will be polled as dynamic configuration sources.
2017-11-16 20:07:07.644  INFO 4244 --- [    Test worker] c.n.c.sources.URLConfigurationSource     : To enable URLs as dynamic configuration sources, define System property archaius.configurationSource.additionalUrls or make config.properties available on classpath.
2017-11-16 20:07:07.656  WARN 4244 --- [    Test worker] c.n.c.sources.URLConfigurationSource     : No URLs will be polled as dynamic configuration sources.
2017-11-16 20:07:07.656  INFO 4244 --- [    Test worker] c.n.c.sources.URLConfigurationSource     : To enable URLs as dynamic configuration sources, define System property archaius.configurationSource.additionalUrls or make config.properties available on classpath.
2017-11-16 20:07:08.646  INFO 4244 --- [    Test worker] s.w.s.m.m.a.RequestMappingHandlerAdapter : Looking for @ControllerAdvice: org.springframework.web.context.support.GenericWebApplicationContext@3d2c3ea2: startup date [Thu Nov 16 20:07:02 CST 2017]; parent: org.springframework.context.annotation.AnnotationConfigApplicationContext@71f24a91
2017-11-16 20:07:09.054  INFO 4244 --- [    Test worker] s.w.s.m.m.a.RequestMappingHandlerMapping : Mapped "{[/error]}" onto public org.springframework.http.ResponseEntity<java.util.Map<java.lang.String, java.lang.Object>> org.springframework.boot.autoconfigure.web.BasicErrorController.error(javax.servlet.http.HttpServletRequest)
2017-11-16 20:07:09.057  INFO 4244 --- [    Test worker] s.w.s.m.m.a.RequestMappingHandlerMapping : Mapped "{[/error],produces=[text/html]}" onto public org.springframework.web.servlet.ModelAndView org.springframework.boot.autoconfigure.web.BasicErrorController.errorHtml(javax.servlet.http.HttpServletRequest,javax.servlet.http.HttpServletResponse)
2017-11-16 20:07:09.072  INFO 4244 --- [    Test worker] s.w.s.m.m.a.RequestMappingHandlerMapping : Mapped "{[/],methods=[GET]}" onto public java.lang.String org.springframework.cloud.netflix.eureka.server.EurekaController.status(javax.servlet.http.HttpServletRequest,java.util.Map<java.lang.String, java.lang.Object>)
2017-11-16 20:07:09.073  INFO 4244 --- [    Test worker] s.w.s.m.m.a.RequestMappingHandlerMapping : Mapped "{[/lastn],methods=[GET]}" onto public java.lang.String org.springframework.cloud.netflix.eureka.server.EurekaController.lastn(javax.servlet.http.HttpServletRequest,java.util.Map<java.lang.String, java.lang.Object>)
2017-11-16 20:07:09.169  INFO 4244 --- [    Test worker] o.s.w.s.handler.SimpleUrlHandlerMapping  : Mapped URL path [/webjars/**] onto handler of type [class org.springframework.web.servlet.resource.ResourceHttpRequestHandler]
2017-11-16 20:07:09.170  INFO 4244 --- [    Test worker] o.s.w.s.handler.SimpleUrlHandlerMapping  : Mapped URL path [/**] onto handler of type [class org.springframework.web.servlet.resource.ResourceHttpRequestHandler]
2017-11-16 20:07:09.281  INFO 4244 --- [    Test worker] o.s.w.s.handler.SimpleUrlHandlerMapping  : Mapped URL path [/**/favicon.ico] onto handler of type [class org.springframework.web.servlet.resource.ResourceHttpRequestHandler]
2017-11-16 20:07:10.757  INFO 4244 --- [    Test worker] o.s.b.a.e.mvc.EndpointHandlerMapping     : Mapped "{[/loggers/{name:.*}],methods=[GET],produces=[application/vnd.spring-boot.actuator.v1+json || application/json]}" onto public java.lang.Object org.springframework.boot.actuate.endpoint.mvc.LoggersMvcEndpoint.get(java.lang.String)
2017-11-16 20:07:10.759  INFO 4244 --- [    Test worker] o.s.b.a.e.mvc.EndpointHandlerMapping     : Mapped "{[/loggers/{name:.*}],methods=[POST],consumes=[application/vnd.spring-boot.actuator.v1+json || application/json],produces=[application/vnd.spring-boot.actuator.v1+json || application/json]}" onto public java.lang.Object org.springframework.boot.actuate.endpoint.mvc.LoggersMvcEndpoint.set(java.lang.String,java.util.Map<java.lang.String, java.lang.String>)
2017-11-16 20:07:10.759  INFO 4244 --- [    Test worker] o.s.b.a.e.mvc.EndpointHandlerMapping     : Mapped "{[/loggers || /loggers.json],methods=[GET],produces=[application/vnd.spring-boot.actuator.v1+json || application/json]}" onto public java.lang.Object org.springframework.boot.actuate.endpoint.mvc.EndpointMvcAdapter.invoke()
2017-11-16 20:07:10.764  INFO 4244 --- [    Test worker] o.s.b.a.e.mvc.EndpointHandlerMapping     : Mapped "{[/env/{name:.*}],methods=[GET],produces=[application/vnd.spring-boot.actuator.v1+json || application/json]}" onto public java.lang.Object org.springframework.boot.actuate.endpoint.mvc.EnvironmentMvcEndpoint.value(java.lang.String)
2017-11-16 20:07:10.765  INFO 4244 --- [    Test worker] o.s.b.a.e.mvc.EndpointHandlerMapping     : Mapped "{[/env || /env.json],methods=[GET],produces=[application/vnd.spring-boot.actuator.v1+json || application/json]}" onto public java.lang.Object org.springframework.boot.actuate.endpoint.mvc.EndpointMvcAdapter.invoke()
2017-11-16 20:07:10.766  INFO 4244 --- [    Test worker] o.s.b.a.e.mvc.EndpointHandlerMapping     : Mapped "{[/service-registry/instance-status],methods=[GET]}" onto public org.springframework.http.ResponseEntity org.springframework.cloud.client.serviceregistry.endpoint.ServiceRegistryEndpoint.getStatus()
2017-11-16 20:07:10.767  INFO 4244 --- [    Test worker] o.s.b.a.e.mvc.EndpointHandlerMapping     : Mapped "{[/service-registry/instance-status],methods=[POST]}" onto public org.springframework.http.ResponseEntity<?> org.springframework.cloud.client.serviceregistry.endpoint.ServiceRegistryEndpoint.setStatus(java.lang.String)
2017-11-16 20:07:10.769  INFO 4244 --- [    Test worker] o.s.b.a.e.mvc.EndpointHandlerMapping     : Mapped "{[/beans || /beans.json],methods=[GET],produces=[application/vnd.spring-boot.actuator.v1+json || application/json]}" onto public java.lang.Object org.springframework.boot.actuate.endpoint.mvc.EndpointMvcAdapter.invoke()
2017-11-16 20:07:10.772  INFO 4244 --- [    Test worker] o.s.b.a.e.mvc.EndpointHandlerMapping     : Mapped "{[/auditevents || /auditevents.json],methods=[GET],produces=[application/vnd.spring-boot.actuator.v1+json || application/json]}" onto public org.springframework.http.ResponseEntity<?> org.springframework.boot.actuate.endpoint.mvc.AuditEventsMvcEndpoint.findByPrincipalAndAfterAndType(java.lang.String,java.util.Date,java.lang.String)
2017-11-16 20:07:10.778  INFO 4244 --- [    Test worker] o.s.b.a.e.mvc.EndpointHandlerMapping     : Mapped "{[/dump || /dump.json],methods=[GET],produces=[application/vnd.spring-boot.actuator.v1+json || application/json]}" onto public java.lang.Object org.springframework.boot.actuate.endpoint.mvc.EndpointMvcAdapter.invoke()
2017-11-16 20:07:10.780  INFO 4244 --- [    Test worker] o.s.b.a.e.mvc.EndpointHandlerMapping     : Mapped "{[/metrics/{name:.*}],methods=[GET],produces=[application/vnd.spring-boot.actuator.v1+json || application/json]}" onto public java.lang.Object org.springframework.boot.actuate.endpoint.mvc.MetricsMvcEndpoint.value(java.lang.String)
2017-11-16 20:07:10.780  INFO 4244 --- [    Test worker] o.s.b.a.e.mvc.EndpointHandlerMapping     : Mapped "{[/metrics || /metrics.json],methods=[GET],produces=[application/vnd.spring-boot.actuator.v1+json || application/json]}" onto public java.lang.Object org.springframework.boot.actuate.endpoint.mvc.EndpointMvcAdapter.invoke()
2017-11-16 20:07:10.783  INFO 4244 --- [    Test worker] o.s.b.a.e.mvc.EndpointHandlerMapping     : Mapped "{[/features || /features.json],methods=[GET],produces=[application/vnd.spring-boot.actuator.v1+json || application/json]}" onto public java.lang.Object org.springframework.boot.actuate.endpoint.mvc.EndpointMvcAdapter.invoke()
2017-11-16 20:07:10.784  INFO 4244 --- [    Test worker] o.s.b.a.e.mvc.EndpointHandlerMapping     : Mapped "{[/pause || /pause.json],methods=[POST]}" onto public java.lang.Object org.springframework.cloud.endpoint.GenericPostableMvcEndpoint.invoke()
2017-11-16 20:07:10.785  INFO 4244 --- [    Test worker] o.s.b.a.e.mvc.EndpointHandlerMapping     : Mapped "{[/env],methods=[POST]}" onto public java.lang.Object org.springframework.cloud.context.environment.EnvironmentManagerMvcEndpoint.value(java.util.Map<java.lang.String, java.lang.String>)
2017-11-16 20:07:10.786  INFO 4244 --- [    Test worker] o.s.b.a.e.mvc.EndpointHandlerMapping     : Mapped "{[/env/reset],methods=[POST]}" onto public java.util.Map<java.lang.String, java.lang.Object> org.springframework.cloud.context.environment.EnvironmentManagerMvcEndpoint.reset()
2017-11-16 20:07:10.787  INFO 4244 --- [    Test worker] o.s.b.a.e.mvc.EndpointHandlerMapping     : Mapped "{[/archaius || /archaius.json],methods=[GET],produces=[application/vnd.spring-boot.actuator.v1+json || application/json]}" onto public java.lang.Object org.springframework.boot.actuate.endpoint.mvc.EndpointMvcAdapter.invoke()
2017-11-16 20:07:10.789  INFO 4244 --- [    Test worker] o.s.b.a.e.mvc.EndpointHandlerMapping     : Mapped "{[/info || /info.json],methods=[GET],produces=[application/vnd.spring-boot.actuator.v1+json || application/json]}" onto public java.lang.Object org.springframework.boot.actuate.endpoint.mvc.EndpointMvcAdapter.invoke()
2017-11-16 20:07:10.790  INFO 4244 --- [    Test worker] o.s.b.a.e.mvc.EndpointHandlerMapping     : Mapped "{[/health || /health.json],methods=[GET],produces=[application/vnd.spring-boot.actuator.v1+json || application/json]}" onto public java.lang.Object org.springframework.boot.actuate.endpoint.mvc.HealthMvcEndpoint.invoke(javax.servlet.http.HttpServletRequest,java.security.Principal)
2017-11-16 20:07:10.791  INFO 4244 --- [    Test worker] o.s.b.a.e.mvc.EndpointHandlerMapping     : Mapped "{[/restart || /restart.json],methods=[POST]}" onto public java.lang.Object org.springframework.cloud.context.restart.RestartMvcEndpoint.invoke()
2017-11-16 20:07:10.798  INFO 4244 --- [    Test worker] o.s.b.a.e.mvc.EndpointHandlerMapping     : Mapped "{[/heapdump || /heapdump.json],methods=[GET],produces=[application/octet-stream]}" onto public void org.springframework.boot.actuate.endpoint.mvc.HeapdumpMvcEndpoint.invoke(boolean,javax.servlet.http.HttpServletRequest,javax.servlet.http.HttpServletResponse) throws java.io.IOException,javax.servlet.ServletException
2017-11-16 20:07:10.807  INFO 4244 --- [    Test worker] o.s.b.a.e.mvc.EndpointHandlerMapping     : Mapped "{[/resume || /resume.json],methods=[POST]}" onto public java.lang.Object org.springframework.cloud.endpoint.GenericPostableMvcEndpoint.invoke()
2017-11-16 20:07:10.810  INFO 4244 --- [    Test worker] o.s.b.a.e.mvc.EndpointHandlerMapping     : Mapped "{[/configprops || /configprops.json],methods=[GET],produces=[application/vnd.spring-boot.actuator.v1+json || application/json]}" onto public java.lang.Object org.springframework.boot.actuate.endpoint.mvc.EndpointMvcAdapter.invoke()
2017-11-16 20:07:10.813  INFO 4244 --- [    Test worker] o.s.b.a.e.mvc.EndpointHandlerMapping     : Mapped "{[/mappings || /mappings.json],methods=[GET],produces=[application/vnd.spring-boot.actuator.v1+json || application/json]}" onto public java.lang.Object org.springframework.boot.actuate.endpoint.mvc.EndpointMvcAdapter.invoke()
2017-11-16 20:07:10.816  INFO 4244 --- [    Test worker] o.s.b.a.e.mvc.EndpointHandlerMapping     : Mapped "{[/trace || /trace.json],methods=[GET],produces=[application/vnd.spring-boot.actuator.v1+json || application/json]}" onto public java.lang.Object org.springframework.boot.actuate.endpoint.mvc.EndpointMvcAdapter.invoke()
2017-11-16 20:07:10.818  INFO 4244 --- [    Test worker] o.s.b.a.e.mvc.EndpointHandlerMapping     : Mapped "{[/refresh || /refresh.json],methods=[POST]}" onto public java.lang.Object org.springframework.cloud.endpoint.GenericPostableMvcEndpoint.invoke()
2017-11-16 20:07:10.820  INFO 4244 --- [    Test worker] o.s.b.a.e.mvc.EndpointHandlerMapping     : Mapped "{[/autoconfig || /autoconfig.json],methods=[GET],produces=[application/vnd.spring-boot.actuator.v1+json || application/json]}" onto public java.lang.Object org.springframework.boot.actuate.endpoint.mvc.EndpointMvcAdapter.invoke()
2017-11-16 20:07:11.334  INFO 4244 --- [    Test worker] o.s.ui.freemarker.SpringTemplateLoader   : SpringTemplateLoader for FreeMarker: using resource loader [org.springframework.web.context.support.GenericWebApplicationContext@3d2c3ea2: startup date [Thu Nov 16 20:07:02 CST 2017]; parent: org.springframework.context.annotation.AnnotationConfigApplicationContext@71f24a91] and template loader path [classpath:/templates/]
2017-11-16 20:07:11.337  INFO 4244 --- [    Test worker] o.s.w.s.v.f.FreeMarkerConfigurer         : ClassTemplateLoader for Spring macros added to FreeMarker configuration
2017-11-16 20:07:12.565  INFO 4244 --- [    Test worker] o.s.c.n.eureka.InstanceInfoFactory       : Setting initial instance status as: STARTING
2017-11-16 20:07:12.657  INFO 4244 --- [    Test worker] com.netflix.discovery.DiscoveryClient    : Initializing Eureka in region us-east-1
2017-11-16 20:07:12.660  INFO 4244 --- [    Test worker] com.netflix.discovery.DiscoveryClient    : Client configured to neither register nor query for data.
2017-11-16 20:07:12.685  INFO 4244 --- [    Test worker] com.netflix.discovery.DiscoveryClient    : Discovery Client initialized at timestamp 1510884432685 with initial instances count: 0
2017-11-16 20:07:12.885  INFO 4244 --- [    Test worker] c.n.eureka.DefaultEurekaServerContext    : Initializing ...
2017-11-16 20:07:12.891  WARN 4244 --- [    Test worker] c.n.eureka.cluster.PeerEurekaNodes       : The replica size seems to be empty. Check the route 53 DNS Registry
2017-11-16 20:07:12.927  INFO 4244 --- [    Test worker] c.n.e.registry.AbstractInstanceRegistry  : Finished initializing remote region registries. All known remote regions: []
2017-11-16 20:07:12.928  INFO 4244 --- [    Test worker] c.n.eureka.DefaultEurekaServerContext    : Initialized
2017-11-16 20:07:13.888  INFO 4244 --- [    Test worker] o.s.c.support.DefaultLifecycleProcessor  : Starting beans in phase 0
2017-11-16 20:07:13.925  INFO 4244 --- [      Thread-14] o.s.c.n.e.server.EurekaServerBootstrap   : Setting the eureka configuration..
2017-11-16 20:07:13.933  INFO 4244 --- [      Thread-14] o.s.c.n.e.server.EurekaServerBootstrap   : Eureka data center value eureka.datacenter is not set, defaulting to default
2017-11-16 20:07:13.934  INFO 4244 --- [      Thread-14] o.s.c.n.e.server.EurekaServerBootstrap   : Eureka environment value eureka.environment is not set, defaulting to test
2017-11-16 20:07:13.979  INFO 4244 --- [    Test worker] c.k.e.EurekaServerApplicationTests       : Started EurekaServerApplicationTests in 16.685 seconds (JVM running for 21.279)
2017-11-16 20:07:13.983  INFO 4244 --- [      Thread-14] o.s.c.n.e.server.EurekaServerBootstrap   : isAws returned false
2017-11-16 20:07:13.983  INFO 4244 --- [      Thread-14] o.s.c.n.e.server.EurekaServerBootstrap   : Initialized server context
2017-11-16 20:07:13.984  INFO 4244 --- [      Thread-14] c.n.e.r.PeerAwareInstanceRegistryImpl    : Got 1 instances from neighboring DS node
2017-11-16 20:07:13.984  INFO 4244 --- [      Thread-14] c.n.e.r.PeerAwareInstanceRegistryImpl    : Renew threshold is: 1
2017-11-16 20:07:13.984  INFO 4244 --- [      Thread-14] c.n.e.r.PeerAwareInstanceRegistryImpl    : Changing status to UP
2017-11-16 20:07:14.022  INFO 4244 --- [      Thread-14] e.s.EurekaServerInitializerConfiguration : Started Eureka Server
]]></system-out>
  <system-err><![CDATA[]]></system-err>
</testsuite>
